#
# A fatal error has been detected by the Java Runtime Environment:
#
#  EXCEPTION_ACCESS_VIOLATION (0xc0000005) at pc=0x00007fffeb40e0a9, pid=3884, tid=14756
#
# JRE version: OpenJDK Runtime Environment Microsoft-8035246 (17.0.8+7) (build 17.0.8+7-LTS)
# Java VM: OpenJDK 64-Bit Server VM Microsoft-8035246 (17.0.8+7-LTS, mixed mode, sharing, tiered, compressed oops, compressed class ptrs, g1 gc, windows-amd64)
# Problematic frame:
# V  [jvm.dll+0x2be0a9]
#
# No core dump will be written. Minidumps are not enabled by default on client versions of Windows
#
# If you would like to submit a bug report, please visit:
#   https://github.com/microsoft/openjdk/issues
#

---------------  S U M M A R Y ------------

Command Line: -XX:MaxMetaspaceSize=512m --add-opens=java.base/java.util=ALL-UNNAMED --add-opens=java.base/java.lang=ALL-UNNAMED --add-opens=java.base/java.lang.invoke=ALL-UNNAMED --add-opens=java.prefs/java.util.prefs=ALL-UNNAMED --add-exports=jdk.compiler/com.sun.tools.javac.api=ALL-UNNAMED --add-exports=jdk.compiler/com.sun.tools.javac.util=ALL-UNNAMED --add-opens=java.base/java.nio.charset=ALL-UNNAMED --add-opens=java.base/java.net=ALL-UNNAMED --add-opens=java.base/java.util.concurrent.atomic=ALL-UNNAMED -Xmx2048m -Dfile.encoding=windows-1252 -Duser.country=US -Duser.language=en -Duser.variant -javaagent:C:\Users\ISL\.gradle\wrapper\dists\gradle-8.10.2-all\7iv73wktx1xtkvlq19urqw1wm\gradle-8.10.2\lib\agents\gradle-instrumentation-agent-8.10.2.jar org.gradle.launcher.daemon.bootstrap.GradleDaemon 8.10.2

Host: Intel(R) Core(TM) i5-8350U CPU @ 1.70GHz, 8 cores, 15G,  Windows 10 , 64 bit Build 19041 (10.0.19041.5198)
Time: Sun Jan  5 21:56:39 2025 Pakistan Standard Time elapsed time: 78.262109 seconds (0d 0h 1m 18s)

---------------  T H R E A D  ---------------

Current thread (0x00000280566837b0):  JavaThread "C2 CompilerThread1" daemon [_thread_in_native, id=14756, stack(0x000000bbf1000000,0x000000bbf1100000)]


Current CompileTask:
C2:  78262 12810       4       org.gradle.cache.internal.ExclusiveCacheAccessingWorker$$Lambda$548/0x000002803649a660::call (10 bytes)

Stack: [0x000000bbf1000000,0x000000bbf1100000],  sp=0x000000bbf10fb710,  free space=1005k
Native frames: (J=compiled Java code, j=interpreted, Vv=VM code, C=native code)
V  [jvm.dll+0x2be0a9]
V  [jvm.dll+0x21ba8b]
V  [jvm.dll+0x21944b]
V  [jvm.dll+0x1a56b6]
V  [jvm.dll+0x2291ea]
V  [jvm.dll+0x22724c]
V  [jvm.dll+0x7efd0c]
V  [jvm.dll+0x7ea13a]
V  [jvm.dll+0x67ad85]
C  [ucrtbase.dll+0x21bb2]
C  [KERNEL32.DLL+0x17374]
C  [ntdll.dll+0x4cc91]


siginfo: EXCEPTION_ACCESS_VIOLATION (0xc0000005), reading address 0x0000000000000028


Register to memory mapping:

RIP=0x00007fffeb40e0a9 jvm.dll
RAX=0x000002805a2cb090 points into unknown readable memory: 0x0000000000000000 | 00 00 00 00 00 00 00 00
RBX=0x0000000000001753 is an unknown value
RCX=0x0 is NULL
RDX=0x0 is NULL
RSP=0x000000bbf10fb710 is pointing into the stack for thread: 0x00000280566837b0
RBP=0x000000bbf10fb780 is pointing into the stack for thread: 0x00000280566837b0
RSI=0x0 is NULL
RDI=0x0000000000000047 is an unknown value
R8 =0x000000000000ffe0 is an unknown value
R9 =0x0 is NULL
R10=0x00007ff86f6e0000 VCRUNTIME140.dll
R11=0x000002805a2cb0b0 points into unknown readable memory: 0x0000000000000000 | 00 00 00 00 00 00 00 00
R12=0x0000000000000050 is an unknown value
R13=0x0 is NULL
R14=0x0 is NULL
R15=0x000000bbf10fe930 is pointing into the stack for thread: 0x00000280566837b0


Registers:
RAX=0x000002805a2cb090, RBX=0x0000000000001753, RCX=0x0000000000000000, RDX=0x0000000000000000
RSP=0x000000bbf10fb710, RBP=0x000000bbf10fb780, RSI=0x0000000000000000, RDI=0x0000000000000047
R8 =0x000000000000ffe0, R9 =0x0000000000000000, R10=0x00007ff86f6e0000, R11=0x000002805a2cb0b0
R12=0x0000000000000050, R13=0x0000000000000000, R14=0x0000000000000000, R15=0x000000bbf10fe930
RIP=0x00007fffeb40e0a9, EFLAGS=0x0000000000010202

Top of Stack: (sp=0x000000bbf10fb710)
0x000000bbf10fb710:   0000000000001753 0000000000000000
0x000000bbf10fb720:   000000bbf10fe930 00007fffeb3738d1
0x000000bbf10fb730:   0000028054846170 00007fff00002000
0x000000bbf10fb740:   000002805a2cb090 0000000000000000
0x000000bbf10fb750:   0000000000000002 0000028056f915f0
0x000000bbf10fb760:   0000000000000002 0000028054846170
0x000000bbf10fb770:   0000000000000000 0000000000000000
0x000000bbf10fb780:   000002803478f110 0000028015c4a940
0x000000bbf10fb790:   0000000000000047 00007fffeba94c08
0x000000bbf10fb7a0:   000000bbf10fb8b0 00007fffeb36ba8b
0x000000bbf10fb7b0:   000000bbf10fe930 00007fffeba94c08
0x000000bbf10fb7c0:   000000bbf10fe930 000000bbf10fb8b0
0x000000bbf10fb7d0:   000000bb00000000 000000bbf10ff490
0x000000bbf10fb7e0:   000000bb0000000f 000000bbf10fe930
0x000000bbf10fb7f0:   000000bbf10fb960 00007fff00000000
0x000000bbf10fb800:   0000028000000100 00007fffeba94c08 

Instructions: (pc=0x00007fffeb40e0a9)
0x00007fffeb40dfa9:   3b d0 75 0b ff c1 41 3b c9 7c dc 48 8b c2 c3 33
0x00007fffeb40dfb9:   c0 c3 cc cc cc cc cc 48 89 5c 24 18 55 56 57 41
0x00007fffeb40dfc9:   55 41 57 48 8b ec 48 83 ec 70 65 48 8b 04 25 58
0x00007fffeb40dfd9:   00 00 00 48 8b f2 44 8b 05 d2 8b 90 00 4c 8b f9
0x00007fffeb40dfe9:   4a 8b 1c c0 b8 50 00 00 00 80 3c 18 00 75 05 e8
0x00007fffeb40dff9:   8b 6f 5d 00 b8 20 00 00 00 48 8b 04 18 48 8b 98
0x00007fffeb40e009:   38 02 00 00 48 89 5d b0 c7 45 b8 04 00 00 00 48
0x00007fffeb40e019:   8b 43 18 48 83 f8 df 76 18 4c 8d 05 37 a9 65 00
0x00007fffeb40e029:   ba 20 00 00 00 48 8b cb e8 5a eb de ff 48 8b 43
0x00007fffeb40e039:   18 48 8d 48 20 48 3b 4b 20 76 11 45 33 c0 48 8b
0x00007fffeb40e049:   cb 41 8d 50 20 e8 fd e8 de ff eb 04 48 89 4b 18
0x00007fffeb40e059:   44 8b 45 b8 33 d2 49 c1 e0 03 48 8b c8 48 89 45
0x00007fffeb40e069:   c0 e8 e3 80 5d 00 45 33 ed 48 8d 4d d0 44 89 6d
0x00007fffeb40e079:   c8 e8 01 59 56 00 41 8b 9f 40 02 00 00 41 2b 9f
0x00007fffeb40e089:   68 02 00 00 44 89 6d f0 3b 5d b8 72 0b 8b d3 48
0x00007fffeb40e099:   8d 4d b0 e8 6f b3 39 00 48 8b 45 c0 4c 89 2c d8
0x00007fffeb40e0a9:   8b 7e 28 8b df c1 eb 05 3b 5d d0 72 0b 8b d3 48
0x00007fffeb40e0b9:   8d 4d d0 e8 1f 59 56 00 48 8b 45 d8 83 e7 1f 48
0x00007fffeb40e0c9:   8d 14 98 40 0f b6 cf 41 b8 01 00 00 00 41 d3 e0
0x00007fffeb40e0d9:   8b 0a 8b c1 41 0b c0 89 02 41 85 c8 75 21 8b 5d
0x00007fffeb40e0e9:   c8 8d 43 01 89 45 c8 3b 5d b8 72 0b 8b d3 48 8d
0x00007fffeb40e0f9:   4d b0 e8 10 b3 39 00 48 8b 45 c0 48 89 34 d8 44
0x00007fffeb40e109:   39 6d c8 0f 86 77 01 00 00 4c 89 a4 24 a0 00 00
0x00007fffeb40e119:   00 4c 89 b4 24 a8 00 00 00 48 8b 45 c0 41 8b cd
0x00007fffeb40e129:   48 8b 34 c8 8b 46 2c 25 ff 1f 00 00 3d 04 10 00
0x00007fffeb40e139:   00 0f 85 a7 00 00 00 bb 01 00 00 00 39 5e 18 76
0x00007fffeb40e149:   39 66 0f 1f 44 00 00 48 8b 46 08 8b cb 48 8b 14
0x00007fffeb40e159:   c8 48 85 d2 74 1d 48 83 7a 10 00 74 16 80 7a 2c
0x00007fffeb40e169:   84 74 10 e8 7f 7e ee ff 48 8b d0 49 8b cf e8 a4
0x00007fffeb40e179:   61 f6 ff ff c3 3b 5e 18 72 cd 48 8b 5e 10 8b 46
0x00007fffeb40e189:   20 4c 8d 34 c3 49 3b de 73 54 48 8b 3b 8b 47 2c
0x00007fffeb40e199:   83 e0 03 3c 03 75 2e 48 8b 07 48 8b cf ff 90 88 


Stack slot to memory mapping:
stack at sp + 0 slots: 0x0000000000001753 is an unknown value
stack at sp + 1 slots: 0x0 is NULL
stack at sp + 2 slots: 0x000000bbf10fe930 is pointing into the stack for thread: 0x00000280566837b0
stack at sp + 3 slots: 0x00007fffeb3738d1 jvm.dll
stack at sp + 4 slots: 0x0000028054846170 points into unknown readable memory: 0x0000028000000006 | 06 00 00 00 80 02 00 00
stack at sp + 5 slots: 0x00007fff00002000 is an unknown value
stack at sp + 6 slots: 0x000002805a2cb090 points into unknown readable memory: 0x0000000000000000 | 00 00 00 00 00 00 00 00
stack at sp + 7 slots: 0x0 is NULL


---------------  P R O C E S S  ---------------

Threads class SMR info:
_java_thread_list=0x000002805a46fb80, length=143, elements={
0x0000028015c33680, 0x00000280340c90e0, 0x00000280340c9f60, 0x00000280340dbe10,
0x00000280340dcc90, 0x00000280340e0770, 0x00000280340e1130, 0x00000280340e1ed0,
0x00000280340e5130, 0x0000028034250760, 0x00000280340b1980, 0x00000280343e41b0,
0x00000280543dd780, 0x0000028054c90860, 0x00000280347cb040, 0x0000028054a7cd30,
0x0000028054a7d240, 0x0000028054a7c310, 0x0000028054a7c820, 0x0000028054a7d750,
0x0000028054a7b3e0, 0x0000028054a7dc60, 0x0000028054a7be00, 0x0000028054a7a4b0,
0x0000028054a7b8f0, 0x0000028054a7a9c0, 0x0000028054a7aed0, 0x0000028055f4d650,
0x0000028055f4db60, 0x0000028055f4b2e0, 0x0000028055f4e070, 0x0000028055f4e580,
0x0000028055f4ea90, 0x0000028055f4bd00, 0x0000028055f4c210, 0x0000028055f4d140,
0x00000280571a89f0, 0x00000280571a6170, 0x00000280571a4820, 0x00000280571a7ac0,
0x00000280571a7fd0, 0x00000280571a4d30, 0x00000280571a84e0, 0x00000280571a9920,
0x00000280571a5240, 0x00000280571a6b90, 0x00000280571aa340, 0x00000280571a75b0,
0x00000280571a9410, 0x00000280571a5750, 0x00000280571a9e30, 0x00000280571aa850,
0x00000280571a70a0, 0x00000280571a5c60, 0x00000280571aad60, 0x00000280571ab270,
0x00000280571ab780, 0x00000280571abc90, 0x00000280571ac1a0, 0x0000028057937a70,
0x0000028057934ce0, 0x0000028057937f80, 0x00000280579351f0, 0x00000280579342c0,
0x00000280579338a0, 0x0000028057937560, 0x0000028057933390, 0x00000280579389a0,
0x0000028057938eb0, 0x0000028057932e80, 0x0000028057933db0, 0x00000280579347d0,
0x0000028057938490, 0x0000028057935700, 0x0000028057935c10, 0x0000028057936b40,
0x0000028057936120, 0x0000028057931f50, 0x00000280579398d0, 0x0000028057932460,
0x0000028057932970, 0x0000028057936630, 0x0000028057937050, 0x00000280597e0fe0,
0x00000280597dafb0, 0x00000280597dc3f0, 0x00000280597db9d0, 0x00000280597de250,
0x00000280597e14f0, 0x00000280597db4c0, 0x00000280597da080, 0x00000280597e00b0,
0x00000280597dbee0, 0x00000280597dc900, 0x00000280597de760, 0x00000280597dd830,
0x00000280597ddd40, 0x00000280597dec70, 0x00000280597dce10, 0x00000280597df180,
0x00000280597dd320, 0x00000280597e05c0, 0x00000280597df690, 0x00000280597dfba0,
0x00000280597e0ad0, 0x00000280597e1a00, 0x00000280597da590, 0x00000280597daaa0,
0x0000028056ae5b40, 0x0000028056ae41f0, 0x0000028056ae5630, 0x0000028056ae1970,
0x0000028056ae0a40, 0x0000028056ae1e80, 0x0000028056ae2390, 0x0000028056ae3ce0,
0x0000028056ae7490, 0x0000028056ae0020, 0x0000028056ae6a70, 0x0000028056ae6050,
0x0000028056ae6f80, 0x0000028056ae6560, 0x0000028056ae28a0, 0x0000028056ae79a0,
0x0000028056ae2db0, 0x0000028056ae0530, 0x0000028056ae32c0, 0x0000028056ae37d0,
0x0000028056ae4700, 0x0000028056ae4c10, 0x0000028056ae1460, 0x0000028056ae5120,
0x0000028054d57e60, 0x0000028054d58370, 0x0000028054d58d90, 0x0000028054d59cc0,
0x0000028054d57440, 0x0000028054d56f30, 0x0000028054d5c540, 0x0000028054d58880,
0x0000028054d592a0, 0x00000280566837b0, 0x0000028056684250
}

Java Threads: ( => current thread )
  0x0000028015c33680 JavaThread "main" [_thread_blocked, id=15060, stack(0x000000bbf1100000,0x000000bbf1200000)]
  0x00000280340c90e0 JavaThread "Reference Handler" daemon [_thread_blocked, id=11736, stack(0x000000bbf1800000,0x000000bbf1900000)]
  0x00000280340c9f60 JavaThread "Finalizer" daemon [_thread_blocked, id=15356, stack(0x000000bbf1900000,0x000000bbf1a00000)]
  0x00000280340dbe10 JavaThread "Signal Dispatcher" daemon [_thread_blocked, id=14736, stack(0x000000bbf1a00000,0x000000bbf1b00000)]
  0x00000280340dcc90 JavaThread "Attach Listener" daemon [_thread_blocked, id=8808, stack(0x000000bbf1b00000,0x000000bbf1c00000)]
  0x00000280340e0770 JavaThread "Service Thread" daemon [_thread_blocked, id=14716, stack(0x000000bbf1c00000,0x000000bbf1d00000)]
  0x00000280340e1130 JavaThread "Monitor Deflation Thread" daemon [_thread_blocked, id=15340, stack(0x000000bbf1d00000,0x000000bbf1e00000)]
  0x00000280340e1ed0 JavaThread "C2 CompilerThread0" daemon [_thread_in_native, id=15300, stack(0x000000bbf1e00000,0x000000bbf1f00000)]
  0x00000280340e5130 JavaThread "C1 CompilerThread0" daemon [_thread_blocked, id=7560, stack(0x000000bbf1f00000,0x000000bbf2000000)]
  0x0000028034250760 JavaThread "Sweeper thread" daemon [_thread_blocked, id=1868, stack(0x000000bbf2000000,0x000000bbf2100000)]
  0x00000280340b1980 JavaThread "Common-Cleaner" daemon [_thread_blocked, id=3636, stack(0x000000bbf2100000,0x000000bbf2200000)]
  0x00000280343e41b0 JavaThread "Notification Thread" daemon [_thread_blocked, id=10700, stack(0x000000bbf2200000,0x000000bbf2300000)]
  0x00000280543dd780 JavaThread "Daemon health stats" [_thread_blocked, id=4084, stack(0x000000bbf2a00000,0x000000bbf2b00000)]
  0x0000028054c90860 JavaThread "Incoming local TCP Connector on port 51355" [_thread_in_native, id=12088, stack(0x000000bbf2900000,0x000000bbf2a00000)]
  0x00000280347cb040 JavaThread "Daemon periodic checks" [_thread_blocked, id=3020, stack(0x000000bbf2b00000,0x000000bbf2c00000)]
  0x0000028054a7cd30 JavaThread "Daemon" [_thread_blocked, id=13492, stack(0x000000bbf2c00000,0x000000bbf2d00000)]
  0x0000028054a7d240 JavaThread "Handler for socket connection from /127.0.0.1:51355 to /127.0.0.1:51356" [_thread_in_native, id=11324, stack(0x000000bbf2d00000,0x000000bbf2e00000)]
  0x0000028054a7c310 JavaThread "Cancel handler" [_thread_blocked, id=8852, stack(0x000000bbf2e00000,0x000000bbf2f00000)]
  0x0000028054a7c820 JavaThread "Daemon worker" [_thread_blocked, id=10464, stack(0x000000bbf2f00000,0x000000bbf3000000)]
  0x0000028054a7d750 JavaThread "Asynchronous log dispatcher for DefaultDaemonConnection: socket connection from /127.0.0.1:51355 to /127.0.0.1:51356" [_thread_blocked, id=8908, stack(0x000000bbf3000000,0x000000bbf3100000)]
  0x0000028054a7b3e0 JavaThread "Stdin handler" [_thread_blocked, id=716, stack(0x000000bbf3100000,0x000000bbf3200000)]
  0x0000028054a7dc60 JavaThread "Daemon client event forwarder" [_thread_blocked, id=3876, stack(0x000000bbf3200000,0x000000bbf3300000)]
  0x0000028054a7be00 JavaThread "Cache worker for journal cache (C:\Users\ISL\.gradle\caches\journal-1)" [_thread_blocked, id=5540, stack(0x000000bbf3300000,0x000000bbf3400000)]
  0x0000028054a7a4b0 JavaThread "File lock request listener" [_thread_in_native, id=9784, stack(0x000000bbf3400000,0x000000bbf3500000)]
  0x0000028054a7b8f0 JavaThread "Cache worker for file hash cache (C:\Users\ISL\.gradle\caches\8.10.2\fileHashes)" [_thread_blocked, id=9776, stack(0x000000bbf3500000,0x000000bbf3600000)]
  0x0000028054a7a9c0 JavaThread "Cache worker for file hash cache (D:\RoamDigi\android\.gradle\8.10.2\fileHashes)" [_thread_blocked, id=11616, stack(0x000000bbf3600000,0x000000bbf3700000)]
  0x0000028054a7aed0 JavaThread "Cache worker for Build Output Cleanup Cache (D:\RoamDigi\android\.gradle\buildOutputCleanup)" [_thread_blocked, id=5696, stack(0x000000bbf3700000,0x000000bbf3800000)]
  0x0000028055f4d650 JavaThread "File watcher server" daemon [_thread_in_native, id=9772, stack(0x000000bbf3b00000,0x000000bbf3c00000)]
  0x0000028055f4db60 JavaThread "File watcher consumer" daemon [_thread_blocked, id=9780, stack(0x000000bbf3d00000,0x000000bbf3e00000)]
  0x0000028055f4b2e0 JavaThread "Cache worker for checksums cache (D:\RoamDigi\android\.gradle\8.10.2\checksums)" [_thread_blocked, id=11792, stack(0x000000bbf3c00000,0x000000bbf3d00000)]
  0x0000028055f4e070 JavaThread "Cache worker for file content cache (C:\Users\ISL\.gradle\caches\8.10.2\fileContent)" [_thread_blocked, id=7788, stack(0x000000bbf3e00000,0x000000bbf3f00000)]
  0x0000028055f4e580 JavaThread "Cache worker for cache directory md-rule (C:\Users\ISL\.gradle\caches\8.10.2\md-rule)" [_thread_blocked, id=8392, stack(0x000000bbf4000000,0x000000bbf4100000)]
  0x0000028055f4ea90 JavaThread "Cache worker for cache directory md-supplier (C:\Users\ISL\.gradle\caches\8.10.2\md-supplier)" [_thread_blocked, id=8656, stack(0x000000bbf3f00000,0x000000bbf4000000)]
  0x0000028055f4bd00 JavaThread "jar transforms" [_thread_blocked, id=3696, stack(0x000000bbf4300000,0x000000bbf4400000)]
  0x0000028055f4c210 JavaThread "Cache worker for Build Output Cleanup Cache (D:\RoamDigi\node_modules\@react-native\gradle-plugin\.gradle\buildOutputCleanup)" [_thread_blocked, id=14344, stack(0x000000bbf4200000,0x000000bbf4300000)]
  0x0000028055f4d140 JavaThread "Unconstrained build operations" [_thread_blocked, id=5192, stack(0x000000bbf4400000,0x000000bbf4500000)]
  0x00000280571a89f0 JavaThread "Unconstrained build operations Thread 2" [_thread_blocked, id=15296, stack(0x000000bbf4500000,0x000000bbf4600000)]
  0x00000280571a6170 JavaThread "Unconstrained build operations Thread 3" [_thread_blocked, id=14252, stack(0x000000bbf4600000,0x000000bbf4700000)]
  0x00000280571a4820 JavaThread "Unconstrained build operations Thread 4" [_thread_blocked, id=4172, stack(0x000000bbf4700000,0x000000bbf4800000)]
  0x00000280571a7ac0 JavaThread "Unconstrained build operations Thread 5" [_thread_blocked, id=13824, stack(0x000000bbf4800000,0x000000bbf4900000)]
  0x00000280571a7fd0 JavaThread "Unconstrained build operations Thread 6" [_thread_blocked, id=8144, stack(0x000000bbf4900000,0x000000bbf4a00000)]
  0x00000280571a4d30 JavaThread "Unconstrained build operations Thread 7" [_thread_blocked, id=10704, stack(0x000000bbf4100000,0x000000bbf4200000)]
  0x00000280571a84e0 JavaThread "Unconstrained build operations Thread 8" [_thread_blocked, id=14832, stack(0x000000bbf4a00000,0x000000bbf4b00000)]
  0x00000280571a9920 JavaThread "Unconstrained build operations Thread 9" [_thread_blocked, id=14660, stack(0x000000bbf4b00000,0x000000bbf4c00000)]
  0x00000280571a5240 JavaThread "Unconstrained build operations Thread 10" [_thread_blocked, id=14872, stack(0x000000bbf4c00000,0x000000bbf4d00000)]
  0x00000280571a6b90 JavaThread "Unconstrained build operations Thread 11" [_thread_blocked, id=8552, stack(0x000000bbf4d00000,0x000000bbf4e00000)]
  0x00000280571aa340 JavaThread "Unconstrained build operations Thread 12" [_thread_blocked, id=5952, stack(0x000000bbf4e00000,0x000000bbf4f00000)]
  0x00000280571a75b0 JavaThread "Unconstrained build operations Thread 13" [_thread_blocked, id=14612, stack(0x000000bbf4f00000,0x000000bbf5000000)]
  0x00000280571a9410 JavaThread "Unconstrained build operations Thread 14" [_thread_blocked, id=14720, stack(0x000000bbf5000000,0x000000bbf5100000)]
  0x00000280571a5750 JavaThread "Unconstrained build operations Thread 15" [_thread_blocked, id=8576, stack(0x000000bbf5100000,0x000000bbf5200000)]
  0x00000280571a9e30 JavaThread "Unconstrained build operations Thread 16" [_thread_blocked, id=11552, stack(0x000000bbf5200000,0x000000bbf5300000)]
  0x00000280571aa850 JavaThread "Unconstrained build operations Thread 17" [_thread_blocked, id=13972, stack(0x000000bbf5300000,0x000000bbf5400000)]
  0x00000280571a70a0 JavaThread "Unconstrained build operations Thread 18" [_thread_blocked, id=15088, stack(0x000000bbf5400000,0x000000bbf5500000)]
  0x00000280571a5c60 JavaThread "Unconstrained build operations Thread 19" [_thread_blocked, id=14092, stack(0x000000bbf5500000,0x000000bbf5600000)]
  0x00000280571aad60 JavaThread "Unconstrained build operations Thread 20" [_thread_blocked, id=3332, stack(0x000000bbf5600000,0x000000bbf5700000)]
  0x00000280571ab270 JavaThread "Unconstrained build operations Thread 21" [_thread_blocked, id=2072, stack(0x000000bbf5700000,0x000000bbf5800000)]
  0x00000280571ab780 JavaThread "Unconstrained build operations Thread 22" [_thread_blocked, id=13848, stack(0x000000bbf5800000,0x000000bbf5900000)]
  0x00000280571abc90 JavaThread "Unconstrained build operations Thread 23" [_thread_blocked, id=1116, stack(0x000000bbf5900000,0x000000bbf5a00000)]
  0x00000280571ac1a0 JavaThread "Unconstrained build operations Thread 24" [_thread_blocked, id=14476, stack(0x000000bbf5a00000,0x000000bbf5b00000)]
  0x0000028057937a70 JavaThread "Unconstrained build operations Thread 25" [_thread_blocked, id=14560, stack(0x000000bbf5b00000,0x000000bbf5c00000)]
  0x0000028057934ce0 JavaThread "Unconstrained build operations Thread 26" [_thread_blocked, id=3292, stack(0x000000bbf5c00000,0x000000bbf5d00000)]
  0x0000028057937f80 JavaThread "Unconstrained build operations Thread 27" [_thread_blocked, id=14480, stack(0x000000bbf5d00000,0x000000bbf5e00000)]
  0x00000280579351f0 JavaThread "Memory manager" [_thread_blocked, id=5472, stack(0x000000bbf5e00000,0x000000bbf5f00000)]
  0x00000280579342c0 JavaThread "build event listener" [_thread_blocked, id=3552, stack(0x000000bbf6200000,0x000000bbf6300000)]
  0x00000280579338a0 JavaThread "ForkJoinPool.commonPool-worker-1" daemon [_thread_blocked, id=4120, stack(0x000000bbf6400000,0x000000bbf6500000)]
  0x0000028057937560 JavaThread "ForkJoinPool.commonPool-worker-2" daemon [_thread_blocked, id=7476, stack(0x000000bbf6500000,0x000000bbf6600000)]
  0x0000028057933390 JavaThread "ForkJoinPool.commonPool-worker-3" daemon [_thread_blocked, id=2004, stack(0x000000bbf6600000,0x000000bbf6700000)]
  0x00000280579389a0 JavaThread "ForkJoinPool.commonPool-worker-4" daemon [_thread_blocked, id=6048, stack(0x000000bbf6700000,0x000000bbf6800000)]
  0x0000028057938eb0 JavaThread "ForkJoinPool.commonPool-worker-5" daemon [_thread_blocked, id=11036, stack(0x000000bbf6800000,0x000000bbf6900000)]
  0x0000028057932e80 JavaThread "ForkJoinPool.commonPool-worker-6" daemon [_thread_blocked, id=11056, stack(0x000000bbf6900000,0x000000bbf6a00000)]
  0x0000028057933db0 JavaThread "ForkJoinPool.commonPool-worker-7" daemon [_thread_blocked, id=14824, stack(0x000000bbf6a00000,0x000000bbf6b00000)]
  0x00000280579347d0 JavaThread "included builds" [_thread_blocked, id=10004, stack(0x000000bbf6b00000,0x000000bbf6c00000)]
  0x0000028057938490 JavaThread "Execution worker" [_thread_blocked, id=8060, stack(0x000000bbf6c00000,0x000000bbf6d00000)]
  0x0000028057935700 JavaThread "Execution worker Thread 2" [_thread_blocked, id=2128, stack(0x000000bbf6d00000,0x000000bbf6e00000)]
  0x0000028057935c10 JavaThread "Execution worker Thread 3" [_thread_blocked, id=5104, stack(0x000000bbf6e00000,0x000000bbf6f00000)]
  0x0000028057936b40 JavaThread "Execution worker Thread 4" [_thread_blocked, id=2372, stack(0x000000bbf6f00000,0x000000bbf7000000)]
  0x0000028057936120 JavaThread "Execution worker Thread 5" [_thread_blocked, id=10072, stack(0x000000bbf7000000,0x000000bbf7100000)]
  0x0000028057931f50 JavaThread "Execution worker Thread 6" [_thread_blocked, id=14972, stack(0x000000bbf7100000,0x000000bbf7200000)]
  0x00000280579398d0 JavaThread "Execution worker Thread 7" [_thread_blocked, id=13964, stack(0x000000bbf7200000,0x000000bbf7300000)]
  0x0000028057932460 JavaThread "Cache worker for execution history cache (D:\RoamDigi\node_modules\@react-native\gradle-plugin\.gradle\8.10.2\executionHistory)" [_thread_blocked, id=12168, stack(0x000000bbf6300000,0x000000bbf6400000)]
  0x0000028057932970 JavaThread "Unconstrained build operations Thread 28" [_thread_blocked, id=14460, stack(0x000000bbf7300000,0x000000bbf7400000)]
  0x0000028057936630 JavaThread "Unconstrained build operations Thread 29" [_thread_in_native, id=700, stack(0x000000bbf7400000,0x000000bbf7500000)]
  0x0000028057937050 JavaThread "Unconstrained build operations Thread 30" [_thread_blocked, id=5336, stack(0x000000bbf7500000,0x000000bbf7600000)]
  0x00000280597e0fe0 JavaThread "Unconstrained build operations Thread 31" [_thread_blocked, id=1948, stack(0x000000bbf7600000,0x000000bbf7700000)]
  0x00000280597dafb0 JavaThread "Unconstrained build operations Thread 32" [_thread_blocked, id=1388, stack(0x000000bbf7700000,0x000000bbf7800000)]
  0x00000280597dc3f0 JavaThread "Unconstrained build operations Thread 33" [_thread_blocked, id=11136, stack(0x000000bbf7800000,0x000000bbf7900000)]
  0x00000280597db9d0 JavaThread "Unconstrained build operations Thread 34" [_thread_blocked, id=9276, stack(0x000000bbf7900000,0x000000bbf7a00000)]
  0x00000280597de250 JavaThread "Unconstrained build operations Thread 35" [_thread_blocked, id=14408, stack(0x000000bbf5f00000,0x000000bbf6000000)]
  0x00000280597e14f0 JavaThread "Unconstrained build operations Thread 36" [_thread_blocked, id=14412, stack(0x000000bbf7a00000,0x000000bbf7b00000)]
  0x00000280597db4c0 JavaThread "Unconstrained build operations Thread 37" [_thread_blocked, id=14400, stack(0x000000bbf7b00000,0x000000bbf7c00000)]
  0x00000280597da080 JavaThread "Unconstrained build operations Thread 38" [_thread_blocked, id=14804, stack(0x000000bbf7c00000,0x000000bbf7d00000)]
  0x00000280597e00b0 JavaThread "Unconstrained build operations Thread 39" [_thread_blocked, id=14644, stack(0x000000bbf7d00000,0x000000bbf7e00000)]
  0x00000280597dbee0 JavaThread "Unconstrained build operations Thread 40" [_thread_blocked, id=14552, stack(0x000000bbf7e00000,0x000000bbf7f00000)]
  0x00000280597dc900 JavaThread "Unconstrained build operations Thread 41" [_thread_blocked, id=14624, stack(0x000000bbf7f00000,0x000000bbf8000000)]
  0x00000280597de760 JavaThread "Unconstrained build operations Thread 42" [_thread_blocked, id=14556, stack(0x000000bbf8000000,0x000000bbf8100000)]
  0x00000280597dd830 JavaThread "Unconstrained build operations Thread 43" [_thread_blocked, id=13700, stack(0x000000bbf8100000,0x000000bbf8200000)]
  0x00000280597ddd40 JavaThread "Unconstrained build operations Thread 44" [_thread_blocked, id=14796, stack(0x000000bbf8300000,0x000000bbf8400000)]
  0x00000280597dec70 JavaThread "Unconstrained build operations Thread 45" [_thread_blocked, id=14792, stack(0x000000bbf8400000,0x000000bbf8500000)]
  0x00000280597dce10 JavaThread "Unconstrained build operations Thread 46" [_thread_blocked, id=13476, stack(0x000000bbf8500000,0x000000bbf8600000)]
  0x00000280597df180 JavaThread "Unconstrained build operations Thread 47" [_thread_blocked, id=1984, stack(0x000000bbf8600000,0x000000bbf8700000)]
  0x00000280597dd320 JavaThread "Unconstrained build operations Thread 48" [_thread_blocked, id=3732, stack(0x000000bbf8700000,0x000000bbf8800000)]
  0x00000280597e05c0 JavaThread "Unconstrained build operations Thread 49" [_thread_blocked, id=436, stack(0x000000bbf8800000,0x000000bbf8900000)]
  0x00000280597df690 JavaThread "Unconstrained build operations Thread 50" [_thread_blocked, id=10188, stack(0x000000bbf8900000,0x000000bbf8a00000)]
  0x00000280597dfba0 JavaThread "Unconstrained build operations Thread 51" [_thread_blocked, id=4692, stack(0x000000bbf8a00000,0x000000bbf8b00000)]
  0x00000280597e0ad0 JavaThread "Unconstrained build operations Thread 52" [_thread_blocked, id=4752, stack(0x000000bbf8c00000,0x000000bbf8d00000)]
  0x00000280597e1a00 JavaThread "Unconstrained build operations Thread 53" [_thread_blocked, id=10556, stack(0x000000bbf8d00000,0x000000bbf8e00000)]
  0x00000280597da590 JavaThread "Unconstrained build operations Thread 54" [_thread_blocked, id=12488, stack(0x000000bbf8e00000,0x000000bbf8f00000)]
  0x00000280597daaa0 JavaThread "Unconstrained build operations Thread 55" [_thread_blocked, id=11144, stack(0x000000bbf8f00000,0x000000bbf9000000)]
  0x0000028056ae5b40 JavaThread "Unconstrained build operations Thread 56" [_thread_blocked, id=6128, stack(0x000000bbf9000000,0x000000bbf9100000)]
  0x0000028056ae41f0 JavaThread "Unconstrained build operations Thread 57" [_thread_blocked, id=10008, stack(0x000000bbf9100000,0x000000bbf9200000)]
  0x0000028056ae5630 JavaThread "Unconstrained build operations Thread 58" [_thread_blocked, id=10484, stack(0x000000bbf9200000,0x000000bbf9300000)]
  0x0000028056ae1970 JavaThread "Unconstrained build operations Thread 59" [_thread_blocked, id=3312, stack(0x000000bbf9300000,0x000000bbf9400000)]
  0x0000028056ae0a40 JavaThread "Unconstrained build operations Thread 60" [_thread_blocked, id=9736, stack(0x000000bbf9400000,0x000000bbf9500000)]
  0x0000028056ae1e80 JavaThread "Unconstrained build operations Thread 61" [_thread_blocked, id=14520, stack(0x000000bbf9500000,0x000000bbf9600000)]
  0x0000028056ae2390 JavaThread "Unconstrained build operations Thread 62" [_thread_blocked, id=11864, stack(0x000000bbf9600000,0x000000bbf9700000)]
  0x0000028056ae3ce0 JavaThread "Unconstrained build operations Thread 63" [_thread_blocked, id=4124, stack(0x000000bbf9700000,0x000000bbf9800000)]
  0x0000028056ae7490 JavaThread "Unconstrained build operations Thread 64" [_thread_blocked, id=14648, stack(0x000000bbf9800000,0x000000bbf9900000)]
  0x0000028056ae0020 JavaThread "Unconstrained build operations Thread 65" [_thread_blocked, id=6712, stack(0x000000bbf9900000,0x000000bbf9a00000)]
  0x0000028056ae6a70 JavaThread "Unconstrained build operations Thread 66" [_thread_blocked, id=14004, stack(0x000000bbf9a00000,0x000000bbf9b00000)]
  0x0000028056ae6050 JavaThread "Unconstrained build operations Thread 67" [_thread_blocked, id=8980, stack(0x000000bbf9b00000,0x000000bbf9c00000)]
  0x0000028056ae6f80 JavaThread "Unconstrained build operations Thread 68" [_thread_blocked, id=10728, stack(0x000000bbf9c00000,0x000000bbf9d00000)]
  0x0000028056ae6560 JavaThread "Unconstrained build operations Thread 69" [_thread_blocked, id=9480, stack(0x000000bbf9d00000,0x000000bbf9e00000)]
  0x0000028056ae28a0 JavaThread "Unconstrained build operations Thread 70" [_thread_blocked, id=13588, stack(0x000000bbf9e00000,0x000000bbf9f00000)]
  0x0000028056ae79a0 JavaThread "Unconstrained build operations Thread 71" [_thread_blocked, id=14468, stack(0x000000bbf9f00000,0x000000bbfa000000)]
  0x0000028056ae2db0 JavaThread "Unconstrained build operations Thread 72" [_thread_blocked, id=10468, stack(0x000000bbfa000000,0x000000bbfa100000)]
  0x0000028056ae0530 JavaThread "jar transforms Thread 2" [_thread_blocked, id=15012, stack(0x000000bbfa100000,0x000000bbfa200000)]
  0x0000028056ae32c0 JavaThread "jar transforms Thread 3" [_thread_blocked, id=15132, stack(0x000000bbf8200000,0x000000bbf8300000)]
  0x0000028056ae37d0 JavaThread "Unconstrained build operations Thread 73" [_thread_blocked, id=10244, stack(0x000000bbf8b00000,0x000000bbf8c00000)]
  0x0000028056ae4700 JavaThread "Unconstrained build operations Thread 74" [_thread_blocked, id=1268, stack(0x000000bbfa200000,0x000000bbfa300000)]
  0x0000028056ae4c10 JavaThread "Unconstrained build operations Thread 75" [_thread_blocked, id=1248, stack(0x000000bbfa300000,0x000000bbfa400000)]
  0x0000028056ae1460 JavaThread "Unconstrained build operations Thread 76" [_thread_blocked, id=4916, stack(0x000000bbfa400000,0x000000bbfa500000)]
  0x0000028056ae5120 JavaThread "Unconstrained build operations Thread 77" [_thread_blocked, id=2184, stack(0x000000bbfa500000,0x000000bbfa600000)]
  0x0000028054d57e60 JavaThread "Unconstrained build operations Thread 78" [_thread_blocked, id=13556, stack(0x000000bbfa600000,0x000000bbfa700000)]
  0x0000028054d58370 JavaThread "Unconstrained build operations Thread 79" [_thread_blocked, id=13880, stack(0x000000bbfa700000,0x000000bbfa800000)]
  0x0000028054d58d90 JavaThread "Unconstrained build operations Thread 80" [_thread_blocked, id=9088, stack(0x000000bbfa800000,0x000000bbfa900000)]
  0x0000028054d59cc0 JavaThread "jar transforms Thread 4" [_thread_blocked, id=8892, stack(0x000000bbfab00000,0x000000bbfac00000)]
  0x0000028054d57440 JavaThread "jar transforms Thread 5" [_thread_blocked, id=8120, stack(0x000000bbfac00000,0x000000bbfad00000)]
  0x0000028054d56f30 JavaThread "jar transforms Thread 6" [_thread_blocked, id=3212, stack(0x000000bbfad00000,0x000000bbfae00000)]
  0x0000028054d5c540 JavaThread "build event listener" [_thread_blocked, id=9060, stack(0x000000bbf0e00000,0x000000bbf0f00000)]
  0x0000028054d58880 JavaThread "jar transforms Thread 7" [_thread_blocked, id=8008, stack(0x000000bbf0f00000,0x000000bbf1000000)]
  0x0000028054d592a0 JavaThread "jar transforms Thread 8" [_thread_blocked, id=15180, stack(0x000000bbfa900000,0x000000bbfaa00000)]
=>0x00000280566837b0 JavaThread "C2 CompilerThread1" daemon [_thread_in_native, id=14756, stack(0x000000bbf1000000,0x000000bbf1100000)]
  0x0000028056684250 JavaThread "C2 CompilerThread2" daemon [_thread_in_native, id=14684, stack(0x000000bbfaa00000,0x000000bbfab00000)]

Other Threads:
  0x00000280340c3060 VMThread "VM Thread" [stack: 0x000000bbf1700000,0x000000bbf1800000] [id=13844]
  0x0000028034444a80 WatcherThread [stack: 0x000000bbf2300000,0x000000bbf2400000] [id=10736]
  0x0000028015c8f660 GCTaskThread "GC Thread#0" [stack: 0x000000bbf1200000,0x000000bbf1300000] [id=13160]
  0x000002803483d880 GCTaskThread "GC Thread#1" [stack: 0x000000bbf2400000,0x000000bbf2500000] [id=7916]
  0x000002803483db40 GCTaskThread "GC Thread#2" [stack: 0x000000bbf2500000,0x000000bbf2600000] [id=6636]
  0x00000280349b92e0 GCTaskThread "GC Thread#3" [stack: 0x000000bbf2600000,0x000000bbf2700000] [id=8112]
  0x00000280349b95a0 GCTaskThread "GC Thread#4" [stack: 0x000000bbf2700000,0x000000bbf2800000] [id=13336]
  0x00000280349b9860 GCTaskThread "GC Thread#5" [stack: 0x000000bbf2800000,0x000000bbf2900000] [id=4596]
  0x0000028055f59b00 GCTaskThread "GC Thread#6" [stack: 0x000000bbf3800000,0x000000bbf3900000] [id=14276]
  0x0000028055672980 GCTaskThread "GC Thread#7" [stack: 0x000000bbf3900000,0x000000bbf3a00000] [id=9676]
  0x0000028015ca05b0 ConcurrentGCThread "G1 Main Marker" [stack: 0x000000bbf1300000,0x000000bbf1400000] [id=6136]
  0x0000028015ca0fc0 ConcurrentGCThread "G1 Conc#0" [stack: 0x000000bbf1400000,0x000000bbf1500000] [id=11284]
  0x0000028055672c40 ConcurrentGCThread "G1 Conc#1" [stack: 0x000000bbf3a00000,0x000000bbf3b00000] [id=9760]
  0x0000028015ceebc0 ConcurrentGCThread "G1 Refine#0" [stack: 0x000000bbf1500000,0x000000bbf1600000] [id=920]
  0x0000028033f7e820 ConcurrentGCThread "G1 Service" [stack: 0x000000bbf1600000,0x000000bbf1700000] [id=8632]

Threads with active compile tasks:
C2 CompilerThread0    78441 12807   !   4       java.util.concurrent.FutureTask::run (123 bytes)
C2 CompilerThread1    78441 12810       4       org.gradle.cache.internal.ExclusiveCacheAccessingWorker$$Lambda$548/0x000002803649a660::call (10 bytes)
C2 CompilerThread2    78441 12813       4       java.io.WinNTFileSystem::normalize (143 bytes)

VM state: not at safepoint (normal execution)

VM Mutex/Monitor currently owned by a thread: None

Heap address: 0x0000000080000000, size: 2048 MB, Compressed Oops mode: 32-bit

CDS archive(s) mapped at: [0x0000028035000000-0x0000028035bd0000-0x0000028035bd0000), size 12386304, SharedBaseAddress: 0x0000028035000000, ArchiveRelocationMode: 1.
Compressed class space mapped at: 0x0000028036000000-0x0000028050000000, reserved size: 436207616
Narrow klass base: 0x0000028035000000, Narrow klass shift: 0, Narrow klass range: 0x100000000

GC Precious Log:
 CPUs: 8 total, 8 available
 Memory: 16227M
 Large Page Support: Disabled
 NUMA Support: Disabled
 Compressed Oops: Enabled (32-bit)
 Heap Region Size: 1M
 Heap Min Capacity: 8M
 Heap Initial Capacity: 254M
 Heap Max Capacity: 2G
 Pre-touch: Disabled
 Parallel Workers: 8
 Concurrent Workers: 2
 Concurrent Refinement Workers: 8
 Periodic GC: Disabled

Heap:
 garbage-first heap   total 157696K, used 131029K [0x0000000080000000, 0x0000000100000000)
  region size 1024K, 6 young (6144K), 2 survivors (2048K)
 Metaspace       used 96282K, committed 97344K, reserved 557056K
  class space    used 13494K, committed 14016K, reserved 425984K

Heap Regions: E=young(eden), S=young(survivor), O=old, HS=humongous(starts), HC=humongous(continues), CS=collection set, F=free, OA=open archive, CA=closed archive, TAMS=top-at-mark-start (previous, next)
|   0|0x0000000080000000, 0x0000000080100000, 0x0000000080100000|100%| O|  |TAMS 0x0000000080100000, 0x0000000080000000| Untracked 
|   1|0x0000000080100000, 0x0000000080200000, 0x0000000080200000|100%| O|  |TAMS 0x0000000080200000, 0x0000000080100000| Untracked 
|   2|0x0000000080200000, 0x0000000080300000, 0x0000000080300000|100%|HS|  |TAMS 0x0000000080300000, 0x0000000080200000| Complete 
|   3|0x0000000080300000, 0x0000000080400000, 0x0000000080400000|100%|HC|  |TAMS 0x0000000080400000, 0x0000000080300000| Complete 
|   4|0x0000000080400000, 0x0000000080500000, 0x0000000080500000|100%|HC|  |TAMS 0x0000000080500000, 0x0000000080400000| Complete 
|   5|0x0000000080500000, 0x0000000080600000, 0x0000000080600000|100%|HC|  |TAMS 0x0000000080600000, 0x0000000080500000| Complete 
|   6|0x0000000080600000, 0x0000000080700000, 0x0000000080700000|100%| O|  |TAMS 0x0000000080700000, 0x0000000080600000| Untracked 
|   7|0x0000000080700000, 0x0000000080800000, 0x0000000080800000|100%| O|  |TAMS 0x0000000080800000, 0x0000000080700000| Untracked 
|   8|0x0000000080800000, 0x0000000080900000, 0x0000000080900000|100%| O|  |TAMS 0x0000000080900000, 0x0000000080800000| Untracked 
|   9|0x0000000080900000, 0x0000000080a00000, 0x0000000080a00000|100%|HS|  |TAMS 0x0000000080a00000, 0x0000000080900000| Complete 
|  10|0x0000000080a00000, 0x0000000080b00000, 0x0000000080b00000|100%| O|  |TAMS 0x0000000080b00000, 0x0000000080a00000| Untracked 
|  11|0x0000000080b00000, 0x0000000080c00000, 0x0000000080c00000|100%| O|  |TAMS 0x0000000080c00000, 0x0000000080b00000| Untracked 
|  12|0x0000000080c00000, 0x0000000080d00000, 0x0000000080d00000|100%| O|  |TAMS 0x0000000080d00000, 0x0000000080c00000| Untracked 
|  13|0x0000000080d00000, 0x0000000080e00000, 0x0000000080e00000|100%| O|  |TAMS 0x0000000080e00000, 0x0000000080d00000| Untracked 
|  14|0x0000000080e00000, 0x0000000080f00000, 0x0000000080f00000|100%| O|  |TAMS 0x0000000080f00000, 0x0000000080e00000| Untracked 
|  15|0x0000000080f00000, 0x0000000081000000, 0x0000000081000000|100%| O|  |TAMS 0x0000000081000000, 0x0000000080f00000| Untracked 
|  16|0x0000000081000000, 0x0000000081100000, 0x0000000081100000|100%| O|  |TAMS 0x0000000081100000, 0x0000000081000000| Untracked 
|  17|0x0000000081100000, 0x0000000081200000, 0x0000000081200000|100%| O|  |TAMS 0x0000000081200000, 0x0000000081100000| Untracked 
|  18|0x0000000081200000, 0x0000000081300000, 0x0000000081300000|100%| O|  |TAMS 0x0000000081300000, 0x0000000081200000| Untracked 
|  19|0x0000000081300000, 0x0000000081400000, 0x0000000081400000|100%| O|  |TAMS 0x0000000081400000, 0x0000000081300000| Untracked 
|  20|0x0000000081400000, 0x0000000081500000, 0x0000000081500000|100%| O|  |TAMS 0x0000000081500000, 0x0000000081400000| Untracked 
|  21|0x0000000081500000, 0x0000000081600000, 0x0000000081600000|100%| O|  |TAMS 0x0000000081600000, 0x0000000081500000| Untracked 
|  22|0x0000000081600000, 0x0000000081700000, 0x0000000081700000|100%| O|  |TAMS 0x0000000081700000, 0x0000000081600000| Untracked 
|  23|0x0000000081700000, 0x0000000081800000, 0x0000000081800000|100%| O|  |TAMS 0x0000000081800000, 0x0000000081700000| Untracked 
|  24|0x0000000081800000, 0x0000000081900000, 0x0000000081900000|100%| O|  |TAMS 0x0000000081900000, 0x0000000081800000| Untracked 
|  25|0x0000000081900000, 0x0000000081a00000, 0x0000000081a00000|100%| O|  |TAMS 0x0000000081a00000, 0x0000000081900000| Untracked 
|  26|0x0000000081a00000, 0x0000000081b00000, 0x0000000081b00000|100%| O|  |TAMS 0x0000000081b00000, 0x0000000081a00000| Untracked 
|  27|0x0000000081b00000, 0x0000000081c00000, 0x0000000081c00000|100%| O|  |TAMS 0x0000000081c00000, 0x0000000081b00000| Untracked 
|  28|0x0000000081c00000, 0x0000000081d00000, 0x0000000081d00000|100%| O|  |TAMS 0x0000000081d00000, 0x0000000081c00000| Untracked 
|  29|0x0000000081d00000, 0x0000000081e00000, 0x0000000081e00000|100%| O|  |TAMS 0x0000000081e00000, 0x0000000081d00000| Untracked 
|  30|0x0000000081e00000, 0x0000000081f00000, 0x0000000081f00000|100%| O|  |TAMS 0x0000000081f00000, 0x0000000081e00000| Untracked 
|  31|0x0000000081f00000, 0x0000000082000000, 0x0000000082000000|100%| O|  |TAMS 0x0000000082000000, 0x0000000081f00000| Untracked 
|  32|0x0000000082000000, 0x0000000082100000, 0x0000000082100000|100%| O|  |TAMS 0x0000000082100000, 0x0000000082000000| Untracked 
|  33|0x0000000082100000, 0x0000000082200000, 0x0000000082200000|100%| O|  |TAMS 0x0000000082200000, 0x0000000082100000| Untracked 
|  34|0x0000000082200000, 0x0000000082300000, 0x0000000082300000|100%| O|  |TAMS 0x0000000082300000, 0x0000000082200000| Untracked 
|  35|0x0000000082300000, 0x0000000082400000, 0x0000000082400000|100%| O|  |TAMS 0x0000000082400000, 0x0000000082300000| Untracked 
|  36|0x0000000082400000, 0x0000000082500000, 0x0000000082500000|100%| O|  |TAMS 0x0000000082400000, 0x0000000082400000| Untracked 
|  37|0x0000000082500000, 0x0000000082600000, 0x0000000082600000|100%| O|  |TAMS 0x0000000082600000, 0x0000000082500000| Untracked 
|  38|0x0000000082600000, 0x0000000082700000, 0x0000000082700000|100%| O|  |TAMS 0x0000000082700000, 0x0000000082600000| Untracked 
|  39|0x0000000082700000, 0x0000000082800000, 0x0000000082800000|100%| O|  |TAMS 0x0000000082800000, 0x0000000082700000| Untracked 
|  40|0x0000000082800000, 0x0000000082900000, 0x0000000082900000|100%| O|  |TAMS 0x0000000082900000, 0x0000000082800000| Untracked 
|  41|0x0000000082900000, 0x0000000082a00000, 0x0000000082a00000|100%| O|  |TAMS 0x0000000082a00000, 0x0000000082900000| Untracked 
|  42|0x0000000082a00000, 0x0000000082b00000, 0x0000000082b00000|100%| O|  |TAMS 0x0000000082b00000, 0x0000000082a00000| Untracked 
|  43|0x0000000082b00000, 0x0000000082c00000, 0x0000000082c00000|100%| O|  |TAMS 0x0000000082c00000, 0x0000000082b00000| Untracked 
|  44|0x0000000082c00000, 0x0000000082d00000, 0x0000000082d00000|100%| O|  |TAMS 0x0000000082d00000, 0x0000000082c00000| Untracked 
|  45|0x0000000082d00000, 0x0000000082e00000, 0x0000000082e00000|100%| O|  |TAMS 0x0000000082d00000, 0x0000000082d00000| Untracked 
|  46|0x0000000082e00000, 0x0000000082f00000, 0x0000000082f00000|100%| O|  |TAMS 0x0000000082e00000, 0x0000000082e00000| Untracked 
|  47|0x0000000082f00000, 0x0000000083000000, 0x0000000083000000|100%| O|  |TAMS 0x0000000083000000, 0x0000000082f00000| Untracked 
|  48|0x0000000083000000, 0x0000000083100000, 0x0000000083100000|100%|HS|  |TAMS 0x0000000083100000, 0x0000000083000000| Complete 
|  49|0x0000000083100000, 0x0000000083200000, 0x0000000083200000|100%|HC|  |TAMS 0x0000000083200000, 0x0000000083100000| Complete 
|  50|0x0000000083200000, 0x0000000083300000, 0x0000000083300000|100%|HS|  |TAMS 0x0000000083300000, 0x0000000083200000| Complete 
|  51|0x0000000083300000, 0x0000000083400000, 0x0000000083400000|100%|HC|  |TAMS 0x0000000083400000, 0x0000000083300000| Complete 
|  52|0x0000000083400000, 0x0000000083500000, 0x0000000083500000|100%|HS|  |TAMS 0x0000000083500000, 0x0000000083400000| Complete 
|  53|0x0000000083500000, 0x0000000083600000, 0x0000000083600000|100%|HC|  |TAMS 0x0000000083600000, 0x0000000083500000| Complete 
|  54|0x0000000083600000, 0x0000000083700000, 0x0000000083700000|100%|HC|  |TAMS 0x0000000083700000, 0x0000000083600000| Complete 
|  55|0x0000000083700000, 0x0000000083800000, 0x0000000083800000|100%|HC|  |TAMS 0x0000000083800000, 0x0000000083700000| Complete 
|  56|0x0000000083800000, 0x0000000083900000, 0x0000000083900000|100%|HS|  |TAMS 0x0000000083900000, 0x0000000083800000| Complete 
|  57|0x0000000083900000, 0x0000000083a00000, 0x0000000083a00000|100%|HC|  |TAMS 0x0000000083a00000, 0x0000000083900000| Complete 
|  58|0x0000000083a00000, 0x0000000083b00000, 0x0000000083b00000|100%|HC|  |TAMS 0x0000000083b00000, 0x0000000083a00000| Complete 
|  59|0x0000000083b00000, 0x0000000083c00000, 0x0000000083c00000|100%|HC|  |TAMS 0x0000000083c00000, 0x0000000083b00000| Complete 
|  60|0x0000000083c00000, 0x0000000083d00000, 0x0000000083d00000|100%| O|  |TAMS 0x0000000083d00000, 0x0000000083c00000| Untracked 
|  61|0x0000000083d00000, 0x0000000083e00000, 0x0000000083e00000|100%| O|  |TAMS 0x0000000083e00000, 0x0000000083d00000| Untracked 
|  62|0x0000000083e00000, 0x0000000083f00000, 0x0000000083f00000|100%| O|  |TAMS 0x0000000083f00000, 0x0000000083e00000| Untracked 
|  63|0x0000000083f00000, 0x0000000084000000, 0x0000000084000000|100%| O|  |TAMS 0x0000000084000000, 0x0000000083f00000| Untracked 
|  64|0x0000000084000000, 0x0000000084100000, 0x0000000084100000|100%| O|  |TAMS 0x0000000084100000, 0x0000000084000000| Untracked 
|  65|0x0000000084100000, 0x0000000084200000, 0x0000000084200000|100%| O|  |TAMS 0x0000000084200000, 0x0000000084100000| Untracked 
|  66|0x0000000084200000, 0x0000000084300000, 0x0000000084300000|100%| O|  |TAMS 0x0000000084300000, 0x0000000084200000| Untracked 
|  67|0x0000000084300000, 0x0000000084400000, 0x0000000084400000|100%| O|  |TAMS 0x0000000084390400, 0x0000000084300000| Untracked 
|  68|0x0000000084400000, 0x0000000084500000, 0x0000000084500000|100%| O|  |TAMS 0x0000000084400000, 0x0000000084400000| Untracked 
|  69|0x0000000084500000, 0x0000000084600000, 0x0000000084600000|100%| O|  |TAMS 0x0000000084500000, 0x0000000084500000| Untracked 
|  70|0x0000000084600000, 0x0000000084700000, 0x0000000084700000|100%| O|  |TAMS 0x0000000084600000, 0x0000000084600000| Untracked 
|  71|0x0000000084700000, 0x0000000084800000, 0x0000000084800000|100%| O|  |TAMS 0x0000000084700000, 0x0000000084700000| Untracked 
|  72|0x0000000084800000, 0x0000000084900000, 0x0000000084900000|100%| O|  |TAMS 0x0000000084800000, 0x0000000084800000| Untracked 
|  73|0x0000000084900000, 0x0000000084a00000, 0x0000000084a00000|100%| O|  |TAMS 0x0000000084900000, 0x0000000084900000| Untracked 
|  74|0x0000000084a00000, 0x0000000084b00000, 0x0000000084b00000|100%| O|  |TAMS 0x0000000084a00000, 0x0000000084a00000| Untracked 
|  75|0x0000000084b00000, 0x0000000084c00000, 0x0000000084c00000|100%| O|  |TAMS 0x0000000084b00000, 0x0000000084b00000| Untracked 
|  76|0x0000000084c00000, 0x0000000084d00000, 0x0000000084d00000|100%| O|  |TAMS 0x0000000084c00000, 0x0000000084c00000| Untracked 
|  77|0x0000000084d00000, 0x0000000084e00000, 0x0000000084e00000|100%| O|  |TAMS 0x0000000084d00000, 0x0000000084d00000| Untracked 
|  78|0x0000000084e00000, 0x0000000084f00000, 0x0000000084f00000|100%| O|  |TAMS 0x0000000084e00000, 0x0000000084e00000| Untracked 
|  79|0x0000000084f00000, 0x0000000085000000, 0x0000000085000000|100%| O|  |TAMS 0x0000000084f00000, 0x0000000084f00000| Untracked 
|  80|0x0000000085000000, 0x0000000085100000, 0x0000000085100000|100%| O|  |TAMS 0x0000000085000000, 0x0000000085000000| Untracked 
|  81|0x0000000085100000, 0x0000000085200000, 0x0000000085200000|100%| O|  |TAMS 0x0000000085100000, 0x0000000085100000| Untracked 
|  82|0x0000000085200000, 0x0000000085300000, 0x0000000085300000|100%| O|  |TAMS 0x0000000085200000, 0x0000000085200000| Untracked 
|  83|0x0000000085300000, 0x0000000085400000, 0x0000000085400000|100%|HS|  |TAMS 0x0000000085300000, 0x0000000085300000| Complete 
|  84|0x0000000085400000, 0x0000000085500000, 0x0000000085500000|100%|HS|  |TAMS 0x0000000085400000, 0x0000000085400000| Complete 
|  85|0x0000000085500000, 0x0000000085600000, 0x0000000085600000|100%|HS|  |TAMS 0x0000000085500000, 0x0000000085500000| Complete 
|  86|0x0000000085600000, 0x0000000085700000, 0x0000000085700000|100%|HS|  |TAMS 0x0000000085600000, 0x0000000085600000| Complete 
|  87|0x0000000085700000, 0x0000000085800000, 0x0000000085800000|100%| O|  |TAMS 0x0000000085700000, 0x0000000085700000| Untracked 
|  88|0x0000000085800000, 0x0000000085900000, 0x0000000085900000|100%|HS|  |TAMS 0x0000000085800000, 0x0000000085800000| Complete 
|  89|0x0000000085900000, 0x0000000085a00000, 0x0000000085a00000|100%|HS|  |TAMS 0x0000000085900000, 0x0000000085900000| Complete 
|  90|0x0000000085a00000, 0x0000000085b00000, 0x0000000085b00000|100%| O|  |TAMS 0x0000000085a00000, 0x0000000085a00000| Untracked 
|  91|0x0000000085b00000, 0x0000000085c00000, 0x0000000085c00000|100%| O|  |TAMS 0x0000000085b00000, 0x0000000085b00000| Untracked 
|  92|0x0000000085c00000, 0x0000000085d00000, 0x0000000085d00000|100%| O|  |TAMS 0x0000000085c00000, 0x0000000085c00000| Untracked 
|  93|0x0000000085d00000, 0x0000000085e00000, 0x0000000085e00000|100%| O|  |TAMS 0x0000000085d00000, 0x0000000085d00000| Untracked 
|  94|0x0000000085e00000, 0x0000000085f00000, 0x0000000085f00000|100%| O|  |TAMS 0x0000000085e00000, 0x0000000085e00000| Untracked 
|  95|0x0000000085f00000, 0x0000000086000000, 0x0000000086000000|100%| O|  |TAMS 0x0000000085f00000, 0x0000000085f00000| Untracked 
|  96|0x0000000086000000, 0x0000000086100000, 0x0000000086100000|100%| O|  |TAMS 0x0000000086000000, 0x0000000086000000| Untracked 
|  97|0x0000000086100000, 0x0000000086200000, 0x0000000086200000|100%| O|  |TAMS 0x0000000086100000, 0x0000000086100000| Untracked 
|  98|0x0000000086200000, 0x0000000086300000, 0x0000000086300000|100%| O|  |TAMS 0x0000000086200000, 0x0000000086200000| Untracked 
|  99|0x0000000086300000, 0x0000000086400000, 0x0000000086400000|100%| O|  |TAMS 0x0000000086300000, 0x0000000086300000| Untracked 
| 100|0x0000000086400000, 0x0000000086500000, 0x0000000086500000|100%| O|  |TAMS 0x0000000086400000, 0x0000000086400000| Untracked 
| 101|0x0000000086500000, 0x0000000086600000, 0x0000000086600000|100%| O|  |TAMS 0x0000000086500000, 0x0000000086500000| Untracked 
| 102|0x0000000086600000, 0x0000000086700000, 0x0000000086700000|100%| O|  |TAMS 0x0000000086600000, 0x0000000086600000| Untracked 
| 103|0x0000000086700000, 0x0000000086800000, 0x0000000086800000|100%| O|  |TAMS 0x0000000086700000, 0x0000000086700000| Untracked 
| 104|0x0000000086800000, 0x0000000086900000, 0x0000000086900000|100%|HS|  |TAMS 0x0000000086800000, 0x0000000086800000| Complete 
| 105|0x0000000086900000, 0x0000000086a00000, 0x0000000086a00000|100%| O|  |TAMS 0x0000000086900000, 0x0000000086900000| Untracked 
| 106|0x0000000086a00000, 0x0000000086b00000, 0x0000000086b00000|100%|HS|  |TAMS 0x0000000086a00000, 0x0000000086a00000| Complete 
| 107|0x0000000086b00000, 0x0000000086c00000, 0x0000000086c00000|100%|HC|  |TAMS 0x0000000086b00000, 0x0000000086b00000| Complete 
| 108|0x0000000086c00000, 0x0000000086d00000, 0x0000000086d00000|100%| O|  |TAMS 0x0000000086c00000, 0x0000000086c00000| Untracked 
| 109|0x0000000086d00000, 0x0000000086e00000, 0x0000000086e00000|100%| O|  |TAMS 0x0000000086d00000, 0x0000000086d00000| Untracked 
| 110|0x0000000086e00000, 0x0000000086f00000, 0x0000000086f00000|100%| O|  |TAMS 0x0000000086e00000, 0x0000000086e00000| Untracked 
| 111|0x0000000086f00000, 0x0000000087000000, 0x0000000087000000|100%| O|  |TAMS 0x0000000086f00000, 0x0000000086f00000| Untracked 
| 112|0x0000000087000000, 0x0000000087100000, 0x0000000087100000|100%| O|  |TAMS 0x0000000087000000, 0x0000000087000000| Untracked 
| 113|0x0000000087100000, 0x0000000087200000, 0x0000000087200000|100%| O|  |TAMS 0x0000000087100000, 0x0000000087100000| Untracked 
| 114|0x0000000087200000, 0x0000000087300000, 0x0000000087300000|100%| O|  |TAMS 0x0000000087200000, 0x0000000087200000| Untracked 
| 115|0x0000000087300000, 0x0000000087400000, 0x0000000087400000|100%| O|  |TAMS 0x0000000087300000, 0x0000000087300000| Untracked 
| 116|0x0000000087400000, 0x0000000087500000, 0x0000000087500000|100%| O|  |TAMS 0x0000000087400000, 0x0000000087400000| Untracked 
| 117|0x0000000087500000, 0x0000000087600000, 0x0000000087600000|100%| O|  |TAMS 0x0000000087500000, 0x0000000087500000| Untracked 
| 118|0x0000000087600000, 0x0000000087700000, 0x0000000087700000|100%| O|  |TAMS 0x0000000087600000, 0x0000000087600000| Untracked 
| 119|0x0000000087700000, 0x0000000087800000, 0x0000000087800000|100%| O|  |TAMS 0x0000000087700000, 0x0000000087700000| Untracked 
| 120|0x0000000087800000, 0x0000000087900000, 0x0000000087900000|100%| O|  |TAMS 0x0000000087800000, 0x0000000087800000| Untracked 
| 121|0x0000000087900000, 0x0000000087a00000, 0x0000000087a00000|100%| O|  |TAMS 0x0000000087900000, 0x0000000087900000| Untracked 
| 122|0x0000000087a00000, 0x0000000087af8600, 0x0000000087b00000| 97%| O|  |TAMS 0x0000000087a00000, 0x0000000087a00000| Untracked 
| 123|0x0000000087b00000, 0x0000000087b00000, 0x0000000087c00000|  0%| F|  |TAMS 0x0000000087b00000, 0x0000000087b00000| Untracked 
| 124|0x0000000087c00000, 0x0000000087c00000, 0x0000000087d00000|  0%| F|  |TAMS 0x0000000087c00000, 0x0000000087c00000| Untracked 
| 125|0x0000000087d00000, 0x0000000087d00000, 0x0000000087e00000|  0%| F|  |TAMS 0x0000000087d00000, 0x0000000087d00000| Untracked 
| 126|0x0000000087e00000, 0x0000000087e00000, 0x0000000087f00000|  0%| F|  |TAMS 0x0000000087e00000, 0x0000000087e00000| Untracked 
| 127|0x0000000087f00000, 0x0000000087f00000, 0x0000000088000000|  0%| F|  |TAMS 0x0000000087f00000, 0x0000000087f00000| Untracked 
| 128|0x0000000088000000, 0x0000000088000000, 0x0000000088100000|  0%| F|  |TAMS 0x0000000088000000, 0x0000000088000000| Untracked 
| 129|0x0000000088100000, 0x0000000088100000, 0x0000000088200000|  0%| F|  |TAMS 0x0000000088100000, 0x0000000088100000| Untracked 
| 130|0x0000000088200000, 0x0000000088200000, 0x0000000088300000|  0%| F|  |TAMS 0x0000000088200000, 0x0000000088200000| Untracked 
| 131|0x0000000088300000, 0x0000000088300000, 0x0000000088400000|  0%| F|  |TAMS 0x0000000088300000, 0x0000000088300000| Untracked 
| 132|0x0000000088400000, 0x0000000088400000, 0x0000000088500000|  0%| F|  |TAMS 0x0000000088400000, 0x0000000088400000| Untracked 
| 133|0x0000000088500000, 0x0000000088500000, 0x0000000088600000|  0%| F|  |TAMS 0x0000000088500000, 0x0000000088500000| Untracked 
| 134|0x0000000088600000, 0x0000000088600000, 0x0000000088700000|  0%| F|  |TAMS 0x0000000088600000, 0x0000000088600000| Untracked 
| 135|0x0000000088700000, 0x0000000088700000, 0x0000000088800000|  0%| F|  |TAMS 0x0000000088700000, 0x0000000088700000| Untracked 
| 136|0x0000000088800000, 0x0000000088800000, 0x0000000088900000|  0%| F|  |TAMS 0x0000000088800000, 0x0000000088800000| Untracked 
| 137|0x0000000088900000, 0x0000000088900000, 0x0000000088a00000|  0%| F|  |TAMS 0x0000000088900000, 0x0000000088900000| Untracked 
| 138|0x0000000088a00000, 0x0000000088a00000, 0x0000000088b00000|  0%| F|  |TAMS 0x0000000088a00000, 0x0000000088a00000| Untracked 
| 139|0x0000000088b00000, 0x0000000088b00000, 0x0000000088c00000|  0%| F|  |TAMS 0x0000000088b00000, 0x0000000088b00000| Untracked 
| 140|0x0000000088c00000, 0x0000000088cfce30, 0x0000000088d00000| 98%| S|CS|TAMS 0x0000000088c00000, 0x0000000088c00000| Complete 
| 141|0x0000000088d00000, 0x0000000088e00000, 0x0000000088e00000|100%| S|CS|TAMS 0x0000000088d00000, 0x0000000088d00000| Complete 
| 142|0x0000000088e00000, 0x0000000088e00000, 0x0000000088f00000|  0%| F|  |TAMS 0x0000000088e00000, 0x0000000088e00000| Untracked 
| 143|0x0000000088f00000, 0x0000000088f00000, 0x0000000089000000|  0%| F|  |TAMS 0x0000000088f00000, 0x0000000088f00000| Untracked 
| 144|0x0000000089000000, 0x0000000089000000, 0x0000000089100000|  0%| F|  |TAMS 0x0000000089000000, 0x0000000089000000| Untracked 
| 145|0x0000000089100000, 0x0000000089100000, 0x0000000089200000|  0%| F|  |TAMS 0x0000000089100000, 0x0000000089100000| Untracked 
| 146|0x0000000089200000, 0x0000000089200000, 0x0000000089300000|  0%| F|  |TAMS 0x0000000089200000, 0x0000000089200000| Untracked 
| 147|0x0000000089300000, 0x0000000089300000, 0x0000000089400000|  0%| F|  |TAMS 0x0000000089300000, 0x0000000089300000| Untracked 
| 148|0x0000000089400000, 0x0000000089400000, 0x0000000089500000|  0%| F|  |TAMS 0x0000000089400000, 0x0000000089400000| Untracked 
| 149|0x0000000089500000, 0x0000000089500000, 0x0000000089600000|  0%| F|  |TAMS 0x0000000089500000, 0x0000000089500000| Untracked 
| 150|0x0000000089600000, 0x0000000089663318, 0x0000000089700000| 38%| E|  |TAMS 0x0000000089600000, 0x0000000089600000| Complete 
| 151|0x0000000089700000, 0x0000000089800000, 0x0000000089800000|100%| E|CS|TAMS 0x0000000089700000, 0x0000000089700000| Complete 
| 152|0x0000000089800000, 0x0000000089900000, 0x0000000089900000|100%| E|CS|TAMS 0x0000000089800000, 0x0000000089800000| Complete 
| 253|0x000000008fd00000, 0x000000008fe00000, 0x000000008fe00000|100%| E|CS|TAMS 0x000000008fd00000, 0x000000008fd00000| Complete 

Card table byte_map: [0x000002802ce60000,0x000002802d260000] _byte_map_base: 0x000002802ca60000

Marking Bits (Prev, Next): (CMBitMap*) 0x0000028015c8fc80, (CMBitMap*) 0x0000028015c8fcc0
 Prev Bits: [0x000002802d660000, 0x000002802f660000)
 Next Bits: [0x000002802f660000, 0x0000028031660000)

Polling page: 0x0000028013aa0000

Metaspace:

Usage:
  Non-class:     80.85 MB used.
      Class:     13.18 MB used.
       Both:     94.03 MB used.

Virtual space:
  Non-class space:      128.00 MB reserved,      81.38 MB ( 64%) committed,  2 nodes.
      Class space:      416.00 MB reserved,      13.69 MB (  3%) committed,  1 nodes.
             Both:      544.00 MB reserved,      95.06 MB ( 17%) committed. 

Chunk freelists:
   Non-Class:  14.57 MB
       Class:  2.30 MB
        Both:  16.87 MB

MaxMetaspaceSize: 512.00 MB
CompressedClassSpaceSize: 416.00 MB
Initial GC threshold: 21.00 MB
Current GC threshold: 105.31 MB
CDS: on
MetaspaceReclaimPolicy: balanced
 - commit_granule_bytes: 65536.
 - commit_granule_words: 8192.
 - virtual_space_node_default_size: 8388608.
 - enlarge_chunks_in_place: 1.
 - new_chunks_are_fully_committed: 0.
 - uncommit_free_chunks: 1.
 - use_allocation_guard: 0.
 - handle_deallocations: 1.


Internal statistics:

num_allocs_failed_limit: 6.
num_arena_births: 1318.
num_arena_deaths: 0.
num_vsnodes_births: 3.
num_vsnodes_deaths: 0.
num_space_committed: 1521.
num_space_uncommitted: 0.
num_chunks_returned_to_freelist: 6.
num_chunks_taken_from_freelist: 5610.
num_chunk_merges: 6.
num_chunk_splits: 3634.
num_chunks_enlarged: 2318.
num_inconsistent_stats: 0.

CodeHeap 'non-profiled nmethods': size=120000Kb used=7614Kb max_used=7614Kb free=112385Kb
 bounds [0x0000028025200000, 0x0000028025970000, 0x000002802c730000]
CodeHeap 'profiled nmethods': size=120000Kb used=22260Kb max_used=22260Kb free=97739Kb
 bounds [0x000002801d730000, 0x000002801ecf0000, 0x0000028024c60000]
CodeHeap 'non-nmethods': size=5760Kb used=2427Kb max_used=2550Kb free=3332Kb
 bounds [0x0000028024c60000, 0x0000028024ef0000, 0x0000028025200000]
 total_blobs=12180 nmethods=11212 adapters=880
 compilation: enabled
              stopped_count=0, restarted_count=0
 full_count=0

Compilation events (20 events):
Event: 78.211 Thread 0x00000280340e5130 12829       3       groovyjarjarasm.asm.SymbolTable::hash (20 bytes)
Event: 78.211 Thread 0x00000280340e5130 nmethod 12829 0x000002801ecceb10 code [0x000002801eccecc0, 0x000002801eccee88]
Event: 78.216 Thread 0x00000280340e5130 12830       3       org.codehaus.groovy.reflection.ParameterTypes::isVargsMethod (16 bytes)
Event: 78.217 Thread 0x00000280340e5130 nmethod 12830 0x000002801eccf010 code [0x000002801eccf1c0, 0x000002801eccf348]
Event: 78.217 Thread 0x00000280340e5130 12831       3       groovyjarjarasm.asm.MethodWriter::visitMethodInsn (191 bytes)
Event: 78.219 Thread 0x00000280340e5130 nmethod 12831 0x000002801eccf410 code [0x000002801eccf640, 0x000002801eccfe48]
Event: 78.219 Thread 0x00000280340e5130 12833       3       groovyjarjarasm.asm.Type::getReturnTypeOffset (64 bytes)
Event: 78.222 Thread 0x00000280340e5130 nmethod 12833 0x000002801ecd0190 code [0x000002801ecd04c0, 0x000002801ecd19b8]
Event: 78.222 Thread 0x00000280340e5130 12835       3       groovyjarjarasm.asm.Label::<init> (5 bytes)
Event: 78.222 Thread 0x00000280340e5130 nmethod 12835 0x000002801ecd2190 code [0x000002801ecd2320, 0x000002801ecd2478]
Event: 78.222 Thread 0x00000280340e5130 12834       3       groovyjarjarasm.asm.ByteVector::put12 (64 bytes)
Event: 78.222 Thread 0x00000280340e5130 nmethod 12834 0x000002801ecd2510 code [0x000002801ecd26c0, 0x000002801ecd28e8]
Event: 78.222 Thread 0x00000280340e5130 12832       3       groovyjarjarasm.asm.SymbolTable::addConstantMethodref (24 bytes)
Event: 78.223 Thread 0x00000280340e5130 nmethod 12832 0x000002801ecd2a90 code [0x000002801ecd2c40, 0x000002801ecd2de8]
Event: 78.223 Thread 0x00000280340e5130 12836       3       groovyjarjarasm.asm.Frame::getInputStackSize (6 bytes)
Event: 78.223 Thread 0x00000280340e5130 nmethod 12836 0x000002801ecd2e90 code [0x000002801ecd3020, 0x000002801ecd3138]
Event: 78.223 Thread 0x00000280340e5130 12837       3       groovyjarjarasm.asm.MethodWriter::visitLabel (332 bytes)
Event: 78.225 Thread 0x00000280340e5130 nmethod 12837 0x000002801ecd3210 code [0x000002801ecd3480, 0x000002801ecd4228]
Event: 78.225 Thread 0x00000280340e5130 12838       3       groovyjarjarasm.asm.Frame::pop (53 bytes)
Event: 78.228 Thread 0x00000280340e5130 nmethod 12838 0x000002801ecd4490 code [0x000002801ecd46e0, 0x000002801ecd4eb8]

GC Heap History (20 events):
Event: 72.691 GC heap before
{Heap before GC invocations=50 (full 0):
 garbage-first heap   total 157696K, used 137252K [0x0000000080000000, 0x0000000100000000)
  region size 1024K, 19 young (19456K), 2 survivors (2048K)
 Metaspace       used 89492K, committed 90432K, reserved 557056K
  class space    used 12519K, committed 12992K, reserved 425984K
}
Event: 72.696 GC heap after
{Heap after GC invocations=51 (full 0):
 garbage-first heap   total 157696K, used 120236K [0x0000000080000000, 0x0000000100000000)
  region size 1024K, 2 young (2048K), 2 survivors (2048K)
 Metaspace       used 89492K, committed 90432K, reserved 557056K
  class space    used 12519K, committed 12992K, reserved 425984K
}
Event: 73.455 GC heap before
{Heap before GC invocations=51 (full 0):
 garbage-first heap   total 157696K, used 137644K [0x0000000080000000, 0x0000000100000000)
  region size 1024K, 19 young (19456K), 2 survivors (2048K)
 Metaspace       used 90585K, committed 91520K, reserved 557056K
  class space    used 12744K, committed 13184K, reserved 425984K
}
Event: 73.458 GC heap after
{Heap after GC invocations=52 (full 0):
 garbage-first heap   total 157696K, used 121134K [0x0000000080000000, 0x0000000100000000)
  region size 1024K, 3 young (3072K), 3 survivors (3072K)
 Metaspace       used 90585K, committed 91520K, reserved 557056K
  class space    used 12744K, committed 13184K, reserved 425984K
}
Event: 74.133 GC heap before
{Heap before GC invocations=52 (full 0):
 garbage-first heap   total 157696K, used 136494K [0x0000000080000000, 0x0000000100000000)
  region size 1024K, 18 young (18432K), 3 survivors (3072K)
 Metaspace       used 91687K, committed 92544K, reserved 557056K
  class space    used 12895K, committed 13312K, reserved 425984K
}
Event: 74.139 GC heap after
{Heap after GC invocations=53 (full 0):
 garbage-first heap   total 157696K, used 121512K [0x0000000080000000, 0x0000000100000000)
  region size 1024K, 2 young (2048K), 2 survivors (2048K)
 Metaspace       used 91687K, committed 92544K, reserved 557056K
  class space    used 12895K, committed 13312K, reserved 425984K
}
Event: 74.965 GC heap before
{Heap before GC invocations=53 (full 0):
 garbage-first heap   total 157696K, used 136872K [0x0000000080000000, 0x0000000100000000)
  region size 1024K, 18 young (18432K), 2 survivors (2048K)
 Metaspace       used 92604K, committed 93568K, reserved 557056K
  class space    used 12987K, committed 13440K, reserved 425984K
}
Event: 74.970 GC heap after
{Heap after GC invocations=54 (full 0):
 garbage-first heap   total 157696K, used 121978K [0x0000000080000000, 0x0000000100000000)
  region size 1024K, 2 young (2048K), 2 survivors (2048K)
 Metaspace       used 92604K, committed 93568K, reserved 557056K
  class space    used 12987K, committed 13440K, reserved 425984K
}
Event: 75.562 GC heap before
{Heap before GC invocations=54 (full 0):
 garbage-first heap   total 157696K, used 137338K [0x0000000080000000, 0x0000000100000000)
  region size 1024K, 18 young (18432K), 2 survivors (2048K)
 Metaspace       used 93573K, committed 94528K, reserved 557056K
  class space    used 13125K, committed 13568K, reserved 425984K
}
Event: 75.565 GC heap after
{Heap after GC invocations=55 (full 0):
 garbage-first heap   total 157696K, used 122625K [0x0000000080000000, 0x0000000100000000)
  region size 1024K, 3 young (3072K), 3 survivors (3072K)
 Metaspace       used 93573K, committed 94528K, reserved 557056K
  class space    used 13125K, committed 13568K, reserved 425984K
}
Event: 76.208 GC heap before
{Heap before GC invocations=55 (full 0):
 garbage-first heap   total 157696K, used 136961K [0x0000000080000000, 0x0000000100000000)
  region size 1024K, 17 young (17408K), 3 survivors (3072K)
 Metaspace       used 94472K, committed 95424K, reserved 557056K
  class space    used 13243K, committed 13696K, reserved 425984K
}
Event: 76.215 GC heap after
{Heap after GC invocations=56 (full 0):
 garbage-first heap   total 157696K, used 123351K [0x0000000080000000, 0x0000000100000000)
  region size 1024K, 3 young (3072K), 3 survivors (3072K)
 Metaspace       used 94472K, committed 95424K, reserved 557056K
  class space    used 13243K, committed 13696K, reserved 425984K
}
Event: 76.786 GC heap before
{Heap before GC invocations=56 (full 0):
 garbage-first heap   total 157696K, used 136663K [0x0000000080000000, 0x0000000100000000)
  region size 1024K, 16 young (16384K), 3 survivors (3072K)
 Metaspace       used 95071K, committed 96064K, reserved 557056K
  class space    used 13335K, committed 13824K, reserved 425984K
}
Event: 76.790 GC heap after
{Heap after GC invocations=57 (full 0):
 garbage-first heap   total 157696K, used 124546K [0x0000000080000000, 0x0000000100000000)
  region size 1024K, 2 young (2048K), 2 survivors (2048K)
 Metaspace       used 95071K, committed 96064K, reserved 557056K
  class space    used 13335K, committed 13824K, reserved 425984K
}
Event: 77.167 GC heap before
{Heap before GC invocations=57 (full 0):
 garbage-first heap   total 157696K, used 137858K [0x0000000080000000, 0x0000000100000000)
  region size 1024K, 15 young (15360K), 2 survivors (2048K)
 Metaspace       used 95218K, committed 96256K, reserved 557056K
  class space    used 13361K, committed 13824K, reserved 425984K
}
Event: 77.172 GC heap after
{Heap after GC invocations=58 (full 0):
 garbage-first heap   total 157696K, used 125895K [0x0000000080000000, 0x0000000100000000)
  region size 1024K, 2 young (2048K), 2 survivors (2048K)
 Metaspace       used 95218K, committed 96256K, reserved 557056K
  class space    used 13361K, committed 13824K, reserved 425984K
}
Event: 77.629 GC heap before
{Heap before GC invocations=58 (full 0):
 garbage-first heap   total 157696K, used 136135K [0x0000000080000000, 0x0000000100000000)
  region size 1024K, 13 young (13312K), 2 survivors (2048K)
 Metaspace       used 95690K, committed 96704K, reserved 557056K
  class space    used 13409K, committed 13888K, reserved 425984K
}
Event: 77.633 GC heap after
{Heap after GC invocations=59 (full 0):
 garbage-first heap   total 157696K, used 126890K [0x0000000080000000, 0x0000000100000000)
  region size 1024K, 1 young (1024K), 1 survivors (1024K)
 Metaspace       used 95690K, committed 96704K, reserved 557056K
  class space    used 13409K, committed 13888K, reserved 425984K
}
Event: 78.140 GC heap before
{Heap before GC invocations=59 (full 0):
 garbage-first heap   total 157696K, used 137130K [0x0000000080000000, 0x0000000100000000)
  region size 1024K, 12 young (12288K), 1 survivors (1024K)
 Metaspace       used 96103K, committed 97088K, reserved 557056K
  class space    used 13466K, committed 13952K, reserved 425984K
}
Event: 78.142 GC heap after
{Heap after GC invocations=60 (full 0):
 garbage-first heap   total 157696K, used 127957K [0x0000000080000000, 0x0000000100000000)
  region size 1024K, 2 young (2048K), 2 survivors (2048K)
 Metaspace       used 96103K, committed 97088K, reserved 557056K
  class space    used 13466K, committed 13952K, reserved 425984K
}

Dll operation events (14 events):
Event: 0.020 Loaded shared library C:\Program Files\Microsoft\jdk-17.0.8.7-hotspot\bin\java.dll
Event: 0.058 Loaded shared library C:\Program Files\Microsoft\jdk-17.0.8.7-hotspot\bin\jsvml.dll
Event: 0.218 Loaded shared library C:\Program Files\Microsoft\jdk-17.0.8.7-hotspot\bin\zip.dll
Event: 0.246 Loaded shared library C:\Program Files\Microsoft\jdk-17.0.8.7-hotspot\bin\instrument.dll
Event: 0.255 Loaded shared library C:\Program Files\Microsoft\jdk-17.0.8.7-hotspot\bin\net.dll
Event: 0.258 Loaded shared library C:\Program Files\Microsoft\jdk-17.0.8.7-hotspot\bin\nio.dll
Event: 0.266 Loaded shared library C:\Program Files\Microsoft\jdk-17.0.8.7-hotspot\bin\zip.dll
Event: 1.047 Loaded shared library C:\Program Files\Microsoft\jdk-17.0.8.7-hotspot\bin\jimage.dll
Event: 1.923 Loaded shared library C:\Program Files\Microsoft\jdk-17.0.8.7-hotspot\bin\verify.dll
Event: 2.391 Loaded shared library C:\Users\ISL\.gradle\native\c067742578af261105cb4f569cf0c3c89f3d7b1fecec35dd04571415982c5e48\windows-amd64\native-platform.dll
Event: 2.472 Loaded shared library C:\Users\ISL\.gradle\native\100fb08df4bc3b14c8652ba06237920a3bd2aa13389f12d3474272988ae205f9\windows-amd64\native-platform-file-events.dll
Event: 6.621 Loaded shared library C:\Program Files\Microsoft\jdk-17.0.8.7-hotspot\bin\management.dll
Event: 6.630 Loaded shared library C:\Program Files\Microsoft\jdk-17.0.8.7-hotspot\bin\management_ext.dll
Event: 8.957 Loaded shared library C:\Program Files\Microsoft\jdk-17.0.8.7-hotspot\bin\sunmscapi.dll

Deoptimization events (20 events):
Event: 77.891 Thread 0x0000028054a7c820 DEOPT PACKING pc=0x000002801d7ca6f1 sp=0x000000bbf2ff2b40
Event: 77.891 Thread 0x0000028054a7c820 DEOPT UNPACKING pc=0x0000028024cb7143 sp=0x000000bbf2ff1fa0 mode 0
Event: 77.947 Thread 0x0000028054a7c820 Uncommon trap: trap_request=0xffffff45 fr.pc=0x00000280255cbc14 relative=0x0000000000000454
Event: 77.947 Thread 0x0000028054a7c820 Uncommon trap: reason=unstable_if action=reinterpret pc=0x00000280255cbc14 method=java.lang.ThreadLocal$ThreadLocalMap.remove(Ljava/lang/ThreadLocal;)V @ 26 c2
Event: 77.947 Thread 0x0000028054a7c820 DEOPT PACKING pc=0x00000280255cbc14 sp=0x000000bbf2ff81c0
Event: 77.947 Thread 0x0000028054a7c820 DEOPT UNPACKING pc=0x0000028024cb69a3 sp=0x000000bbf2ff80f8 mode 2
Event: 78.103 Thread 0x0000028054a7c820 DEOPT PACKING pc=0x000002801eb499e0 sp=0x000000bbf2ff5790
Event: 78.103 Thread 0x0000028054a7c820 DEOPT UNPACKING pc=0x0000028024cb7143 sp=0x000000bbf2ff4c98 mode 0
Event: 78.164 Thread 0x0000028054a7c820 Uncommon trap: trap_request=0xffffff45 fr.pc=0x000002802593fd54 relative=0x0000000000000434
Event: 78.164 Thread 0x0000028054a7c820 Uncommon trap: reason=unstable_if action=reinterpret pc=0x000002802593fd54 method=groovy.lang.MetaClassImpl.filterPropertyMethod(Ljava/lang/Object;ZZ)Ljava/lang/Object; @ 80 c2
Event: 78.164 Thread 0x0000028054a7c820 DEOPT PACKING pc=0x000002802593fd54 sp=0x000000bbf2ff5f00
Event: 78.164 Thread 0x0000028054a7c820 DEOPT UNPACKING pc=0x0000028024cb69a3 sp=0x000000bbf2ff5e60 mode 2
Event: 78.210 Thread 0x0000028054a7c820 Uncommon trap: trap_request=0xffffff45 fr.pc=0x00000280258d55a0 relative=0x0000000000002420
Event: 78.210 Thread 0x0000028054a7c820 Uncommon trap: reason=unstable_if action=reinterpret pc=0x00000280258d55a0 method=java.lang.ClassLoader.checkCerts(Ljava/lang/String;Ljava/security/CodeSource;)V @ 30 c2
Event: 78.210 Thread 0x0000028054a7c820 DEOPT PACKING pc=0x00000280258d55a0 sp=0x000000bbf2ff53f0
Event: 78.210 Thread 0x0000028054a7c820 DEOPT UNPACKING pc=0x0000028024cb69a3 sp=0x000000bbf2ff5320 mode 2
Event: 78.210 Thread 0x0000028054a7c820 Uncommon trap: trap_request=0xffffff45 fr.pc=0x0000028025235408 relative=0x0000000000000d28
Event: 78.210 Thread 0x0000028054a7c820 Uncommon trap: reason=unstable_if action=reinterpret pc=0x0000028025235408 method=java.lang.ClassLoader.loadClass(Ljava/lang/String;Z)Ljava/lang/Class; @ 29 c2
Event: 78.210 Thread 0x0000028054a7c820 DEOPT PACKING pc=0x0000028025235408 sp=0x000000bbf2ff1440
Event: 78.210 Thread 0x0000028054a7c820 DEOPT UNPACKING pc=0x0000028024cb69a3 sp=0x000000bbf2ff1408 mode 2

Classes unloaded (0 events):
No events

Classes redefined (0 events):
No events

Internal exceptions (20 events):
Event: 77.272 Thread 0x0000028054a7c820 Exception <a 'java/lang/ClassNotFoundException'{0x0000000089607a60}: org/gradle/api/DefaultTask_DecoratedCustomizer> (0x0000000089607a60) 
thrown [s\src\hotspot\share\classfile\systemDictionary.cpp, line 256]
Event: 77.813 Thread 0x0000028054a7c820 Exception <a 'java/lang/ClassNotFoundException'{0x000000008942d950}: com/android/build/gradle/internal/lint/AndroidLintAnalysisTask_DecoratedBeanInfo> (0x000000008942d950) 
thrown [s\src\hotspot\share\classfile\systemDictionary.cpp, line 256]
Event: 77.815 Thread 0x0000028054a7c820 Exception <a 'java/lang/ClassNotFoundException'{0x0000000089442178}: com/android/build/gradle/internal/lint/AndroidLintAnalysisTaskBeanInfo> (0x0000000089442178) 
thrown [s\src\hotspot\share\classfile\systemDictionary.cpp, line 256]
Event: 77.817 Thread 0x0000028054a7c820 Exception <a 'java/lang/ClassNotFoundException'{0x00000000894566d0}: com/android/build/gradle/internal/tasks/NonIncrementalTaskBeanInfo> (0x00000000894566d0) 
thrown [s\src\hotspot\share\classfile\systemDictionary.cpp, line 256]
Event: 77.819 Thread 0x0000028054a7c820 Exception <a 'java/lang/ClassNotFoundException'{0x000000008946ac30}: com/android/build/gradle/internal/tasks/AndroidVariantTaskBeanInfo> (0x000000008946ac30) 
thrown [s\src\hotspot\share\classfile\systemDictionary.cpp, line 256]
Event: 77.820 Thread 0x0000028054a7c820 Exception <a 'java/lang/ClassNotFoundException'{0x000000008947f298}: com/android/build/gradle/internal/tasks/BaseTaskBeanInfo> (0x000000008947f298) 
thrown [s\src\hotspot\share\classfile\systemDictionary.cpp, line 256]
Event: 77.822 Thread 0x0000028054a7c820 Exception <a 'java/lang/ClassNotFoundException'{0x0000000089493658}: com/android/build/gradle/internal/tasks/BaseTaskCustomizer> (0x0000000089493658) 
thrown [s\src\hotspot\share\classfile\systemDictionary.cpp, line 256]
Event: 77.825 Thread 0x0000028054a7c820 Exception <a 'java/lang/ClassNotFoundException'{0x00000000894b9030}: com/android/build/gradle/internal/tasks/AndroidVariantTaskCustomizer> (0x00000000894b9030) 
thrown [s\src\hotspot\share\classfile\systemDictionary.cpp, line 256]
Event: 77.827 Thread 0x0000028054a7c820 Exception <a 'java/lang/ClassNotFoundException'{0x00000000894dcbd8}: com/android/build/gradle/internal/tasks/NonIncrementalTaskCustomizer> (0x00000000894dcbd8) 
thrown [s\src\hotspot\share\classfile\systemDictionary.cpp, line 256]
Event: 77.829 Thread 0x0000028054a7c820 Exception <a 'java/lang/ClassNotFoundException'{0x00000000894ffa50}: com/android/build/gradle/internal/lint/AndroidLintAnalysisTaskCustomizer> (0x00000000894ffa50) 
thrown [s\src\hotspot\share\classfile\systemDictionary.cpp, line 256]
Event: 77.831 Thread 0x0000028054a7c820 Exception <a 'java/lang/ClassNotFoundException'{0x000000008933f358}: com/android/build/gradle/internal/lint/AndroidLintAnalysisTask_DecoratedCustomizer> (0x000000008933f358) 
thrown [s\src\hotspot\share\classfile\systemDictionary.cpp, line 256]
Event: 77.894 Thread 0x0000028054a7c820 Exception <a 'java/lang/ClassNotFoundException'{0x0000000089106f58}: com/android/build/gradle/internal/lint/LintModelWriterTask_DecoratedBeanInfo> (0x0000000089106f58) 
thrown [s\src\hotspot\share\classfile\systemDictionary.cpp, line 256]
Event: 77.900 Thread 0x0000028054a7c820 Exception <a 'java/lang/ClassNotFoundException'{0x000000008911b4b8}: com/android/build/gradle/internal/lint/LintModelWriterTaskBeanInfo> (0x000000008911b4b8) 
thrown [s\src\hotspot\share\classfile\systemDictionary.cpp, line 256]
Event: 77.902 Thread 0x0000028054a7c820 Exception <a 'java/lang/ClassNotFoundException'{0x000000008912fa08}: com/android/build/gradle/internal/lint/LintModelWriterTaskCustomizer> (0x000000008912fa08) 
thrown [s\src\hotspot\share\classfile\systemDictionary.cpp, line 256]
Event: 77.905 Thread 0x0000028054a7c820 Exception <a 'java/lang/ClassNotFoundException'{0x000000008915b550}: com/android/build/gradle/internal/lint/LintModelWriterTask_DecoratedCustomizer> (0x000000008915b550) 
thrown [s\src\hotspot\share\classfile\systemDictionary.cpp, line 256]
Event: 78.043 Thread 0x0000028054a7c820 Exception <a 'java/lang/ClassNotFoundException'{0x0000000088f10060}: build_a8pxu4aeovzfaj8slg0z06aszBeanInfo> (0x0000000088f10060) 
thrown [s\src\hotspot\share\classfile\systemDictionary.cpp, line 256]
Event: 78.044 Thread 0x0000028054a7c820 Exception <a 'java/lang/ClassNotFoundException'{0x0000000088f171f8}: build_a8pxu4aeovzfaj8slg0z06aszCustomizer> (0x0000000088f171f8) 
thrown [s\src\hotspot\share\classfile\systemDictionary.cpp, line 256]
Event: 78.161 Thread 0x0000028054a7c820 Exception <a 'java/lang/ClassNotFoundException'{0x000000008fd383c8}: config_7ld5u1ji3280zup8247h1vteeBeanInfo> (0x000000008fd383c8) 
thrown [s\src\hotspot\share\classfile\systemDictionary.cpp, line 256]
Event: 78.162 Thread 0x0000028054a7c820 Exception <a 'java/lang/ClassNotFoundException'{0x000000008fd41fa0}: config_7ld5u1ji3280zup8247h1vteeCustomizer> (0x000000008fd41fa0) 
thrown [s\src\hotspot\share\classfile\systemDictionary.cpp, line 256]
Event: 78.210 Thread 0x0000028054a7c820 Implicit null exception at 0x00000280258d360f to 0x00000280258d554c

VM Operations (20 events):
Event: 74.133 Executing VM operation: G1CollectForAllocation
Event: 74.139 Executing VM operation: G1CollectForAllocation done
Event: 74.799 Executing VM operation: HandshakeAllThreads
Event: 74.799 Executing VM operation: HandshakeAllThreads done
Event: 74.965 Executing VM operation: G1CollectForAllocation
Event: 74.970 Executing VM operation: G1CollectForAllocation done
Event: 75.561 Executing VM operation: G1CollectForAllocation
Event: 75.566 Executing VM operation: G1CollectForAllocation done
Event: 76.208 Executing VM operation: G1CollectForAllocation
Event: 76.215 Executing VM operation: G1CollectForAllocation done
Event: 76.786 Executing VM operation: G1CollectForAllocation
Event: 76.790 Executing VM operation: G1CollectForAllocation done
Event: 77.167 Executing VM operation: G1CollectForAllocation
Event: 77.172 Executing VM operation: G1CollectForAllocation done
Event: 77.629 Executing VM operation: G1CollectForAllocation
Event: 77.633 Executing VM operation: G1CollectForAllocation done
Event: 77.757 Executing VM operation: HandshakeAllThreads
Event: 77.758 Executing VM operation: HandshakeAllThreads done
Event: 78.140 Executing VM operation: G1CollectForAllocation
Event: 78.142 Executing VM operation: G1CollectForAllocation done

Events (20 events):
Event: 76.751 loading class java/util/ArrayListBeanInfo
Event: 76.751 loading class java/util/ArrayListBeanInfo done
Event: 76.752 loading class java/util/ArrayListBeanInfo
Event: 76.752 loading class java/util/ArrayListBeanInfo done
Event: 76.753 loading class java/util/AbstractListBeanInfo
Event: 76.753 loading class java/util/AbstractListBeanInfo done
Event: 76.753 loading class java/util/AbstractListBeanInfo
Event: 76.753 loading class java/util/AbstractListBeanInfo done
Event: 76.754 loading class java/util/AbstractListCustomizer
Event: 76.754 loading class java/util/AbstractListCustomizer done
Event: 76.754 loading class java/util/AbstractListCustomizer
Event: 76.754 loading class java/util/AbstractListCustomizer done
Event: 76.756 loading class java/util/ArrayListCustomizer
Event: 76.756 loading class java/util/ArrayListCustomizer done
Event: 76.757 loading class java/util/ArrayListCustomizer
Event: 76.757 loading class java/util/ArrayListCustomizer done
Event: 76.945 loading class java/io/FilterReader
Event: 76.945 loading class java/io/FilterReader done
Event: 77.749 loading class java/io/NotSerializableException
Event: 77.749 loading class java/io/NotSerializableException done


Dynamic libraries:
0x00007ff758970000 - 0x00007ff75897e000 	C:\Program Files\Microsoft\jdk-17.0.8.7-hotspot\bin\java.exe
0x00007ff879a90000 - 0x00007ff879c88000 	C:\Windows\SYSTEM32\ntdll.dll
0x00007ff877b70000 - 0x00007ff877c32000 	C:\Windows\System32\KERNEL32.DLL
0x00007ff877400000 - 0x00007ff8776fe000 	C:\Windows\System32\KERNELBASE.dll
0x00007ff877850000 - 0x00007ff877950000 	C:\Windows\System32\ucrtbase.dll
0x00007ff86f6e0000 - 0x00007ff86f6fb000 	C:\Program Files\Microsoft\jdk-17.0.8.7-hotspot\bin\VCRUNTIME140.dll
0x00007ff86f700000 - 0x00007ff86f717000 	C:\Program Files\Microsoft\jdk-17.0.8.7-hotspot\bin\jli.dll
0x00007ff853c40000 - 0x00007ff853eda000 	C:\Windows\WinSxS\amd64_microsoft.windows.common-controls_6595b64144ccf1df_6.0.19041.4355_none_60b8b9eb71f62e16\COMCTL32.dll
0x00007ff878380000 - 0x00007ff87841e000 	C:\Windows\System32\msvcrt.dll
0x00007ff877d00000 - 0x00007ff877d2b000 	C:\Windows\System32\GDI32.dll
0x00007ff8797f0000 - 0x00007ff87998d000 	C:\Windows\System32\USER32.dll
0x00007ff8773d0000 - 0x00007ff8773f2000 	C:\Windows\System32\win32u.dll
0x00007ff877230000 - 0x00007ff877347000 	C:\Windows\System32\gdi32full.dll
0x00007ff877700000 - 0x00007ff87779d000 	C:\Windows\System32\msvcp_win.dll
0x00007ff879990000 - 0x00007ff8799bf000 	C:\Windows\System32\IMM32.DLL
0x00007ff86f6d0000 - 0x00007ff86f6dc000 	C:\Program Files\Microsoft\jdk-17.0.8.7-hotspot\bin\vcruntime140_1.dll
0x00007ff86f640000 - 0x00007ff86f6cd000 	C:\Program Files\Microsoft\jdk-17.0.8.7-hotspot\bin\msvcp140.dll
0x00007fffeb150000 - 0x00007fffebdb5000 	C:\Program Files\Microsoft\jdk-17.0.8.7-hotspot\bin\server\jvm.dll
0x00007ff877c40000 - 0x00007ff877cf1000 	C:\Windows\System32\ADVAPI32.dll
0x00007ff878090000 - 0x00007ff87812f000 	C:\Windows\System32\sechost.dll
0x00007ff878190000 - 0x00007ff8782b3000 	C:\Windows\System32\RPCRT4.dll
0x00007ff877350000 - 0x00007ff877377000 	C:\Windows\System32\bcrypt.dll
0x00007ff876f90000 - 0x00007ff876fdb000 	C:\Windows\SYSTEM32\POWRPROF.dll
0x00007ff857890000 - 0x00007ff857899000 	C:\Windows\SYSTEM32\WSOCK32.dll
0x00007ff879780000 - 0x00007ff8797eb000 	C:\Windows\System32\WS2_32.dll
0x00007ff853390000 - 0x00007ff8533b7000 	C:\Windows\SYSTEM32\WINMM.dll
0x00007ff869a90000 - 0x00007ff869a9a000 	C:\Windows\SYSTEM32\VERSION.dll
0x00007ff876f70000 - 0x00007ff876f82000 	C:\Windows\SYSTEM32\UMPDC.dll
0x00007ff875910000 - 0x00007ff875922000 	C:\Windows\SYSTEM32\kernel.appcore.dll
0x00007ff86f630000 - 0x00007ff86f63a000 	C:\Program Files\Microsoft\jdk-17.0.8.7-hotspot\bin\jimage.dll
0x00007ff871cd0000 - 0x00007ff871eb4000 	C:\Windows\SYSTEM32\DBGHELP.DLL
0x00007ff850e60000 - 0x00007ff850e94000 	C:\Windows\SYSTEM32\dbgcore.DLL
0x00007ff8771a0000 - 0x00007ff877222000 	C:\Windows\System32\bcryptPrimitives.dll
0x00007ff84f9a0000 - 0x00007ff84f9ae000 	C:\Program Files\Microsoft\jdk-17.0.8.7-hotspot\bin\instrument.dll
0x00007ffffa160000 - 0x00007ffffa185000 	C:\Program Files\Microsoft\jdk-17.0.8.7-hotspot\bin\java.dll
0x00007ffffa080000 - 0x00007ffffa157000 	C:\Program Files\Microsoft\jdk-17.0.8.7-hotspot\bin\jsvml.dll
0x00007ff8788a0000 - 0x00007ff87900d000 	C:\Windows\System32\SHELL32.dll
0x00007ff872010000 - 0x00007ff8727b4000 	C:\Windows\SYSTEM32\windows.storage.dll
0x00007ff877d30000 - 0x00007ff878083000 	C:\Windows\System32\combase.dll
0x00007ff8769b0000 - 0x00007ff8769de000 	C:\Windows\SYSTEM32\Wldp.dll
0x00007ff879090000 - 0x00007ff87915d000 	C:\Windows\System32\OLEAUT32.dll
0x00007ff878560000 - 0x00007ff87860d000 	C:\Windows\System32\SHCORE.dll
0x00007ff877b10000 - 0x00007ff877b65000 	C:\Windows\System32\shlwapi.dll
0x00007ff877060000 - 0x00007ff877084000 	C:\Windows\SYSTEM32\profapi.dll
0x00007ff8673a0000 - 0x00007ff8673b8000 	C:\Program Files\Microsoft\jdk-17.0.8.7-hotspot\bin\zip.dll
0x00007ffffa060000 - 0x00007ffffa079000 	C:\Program Files\Microsoft\jdk-17.0.8.7-hotspot\bin\net.dll
0x00007ff86b150000 - 0x00007ff86b25d000 	C:\Windows\SYSTEM32\WINHTTP.dll
0x00007ff876790000 - 0x00007ff8767fa000 	C:\Windows\system32\mswsock.dll
0x00007ffffa040000 - 0x00007ffffa056000 	C:\Program Files\Microsoft\jdk-17.0.8.7-hotspot\bin\nio.dll
0x00007ff867390000 - 0x00007ff8673a0000 	C:\Program Files\Microsoft\jdk-17.0.8.7-hotspot\bin\verify.dll
0x00007ff84f9c0000 - 0x00007ff84f9e7000 	C:\Users\ISL\.gradle\native\c067742578af261105cb4f569cf0c3c89f3d7b1fecec35dd04571415982c5e48\windows-amd64\native-platform.dll
0x00007ff8013b0000 - 0x00007ff8014f4000 	C:\Users\ISL\.gradle\native\100fb08df4bc3b14c8652ba06237920a3bd2aa13389f12d3474272988ae205f9\windows-amd64\native-platform-file-events.dll
0x00007ff8603f0000 - 0x00007ff8603f9000 	C:\Program Files\Microsoft\jdk-17.0.8.7-hotspot\bin\management.dll
0x00007ff84f9b0000 - 0x00007ff84f9bb000 	C:\Program Files\Microsoft\jdk-17.0.8.7-hotspot\bin\management_ext.dll
0x00007ff878750000 - 0x00007ff878758000 	C:\Windows\System32\PSAPI.DLL
0x00007ff8769f0000 - 0x00007ff876a08000 	C:\Windows\SYSTEM32\CRYPTSP.dll
0x00007ff8760d0000 - 0x00007ff876104000 	C:\Windows\system32\rsaenh.dll
0x00007ff877020000 - 0x00007ff87704e000 	C:\Windows\SYSTEM32\USERENV.dll
0x00007ff876920000 - 0x00007ff87692c000 	C:\Windows\SYSTEM32\CRYPTBASE.dll
0x00007ff876490000 - 0x00007ff8764cb000 	C:\Windows\SYSTEM32\IPHLPAPI.DLL
0x00007ff8782c0000 - 0x00007ff8782c8000 	C:\Windows\System32\NSI.dll
0x00007ff86c810000 - 0x00007ff86c827000 	C:\Windows\SYSTEM32\dhcpcsvc6.DLL
0x00007ff86c690000 - 0x00007ff86c6ad000 	C:\Windows\SYSTEM32\dhcpcsvc.DLL
0x00007ff8764d0000 - 0x00007ff87659a000 	C:\Windows\SYSTEM32\DNSAPI.dll
0x00007ff84f990000 - 0x00007ff84f99e000 	C:\Program Files\Microsoft\jdk-17.0.8.7-hotspot\bin\sunmscapi.dll
0x00007ff877950000 - 0x00007ff877aac000 	C:\Windows\System32\CRYPT32.dll
0x00007ff876b00000 - 0x00007ff876b27000 	C:\Windows\SYSTEM32\ncrypt.dll
0x00007ff876ac0000 - 0x00007ff876afb000 	C:\Windows\SYSTEM32\NTASN1.dll
0x00007ff84f980000 - 0x00007ff84f987000 	C:\Windows\system32\wshunix.dll
0x00007ff835f20000 - 0x00007ff835f37000 	C:\Windows\system32\napinsp.dll
0x00007ff81a020000 - 0x00007ff81a03b000 	C:\Windows\system32\pnrpnsp.dll
0x00007ff86fda0000 - 0x00007ff86fdb5000 	C:\Windows\system32\wshbth.dll
0x00007ff86ee80000 - 0x00007ff86ee9d000 	C:\Windows\system32\NLAapi.dll
0x00007ff81a090000 - 0x00007ff81a0a2000 	C:\Windows\System32\winrnr.dll
0x00007ff86c680000 - 0x00007ff86c68a000 	C:\Windows\System32\rasadhlp.dll
0x00007ff86ac70000 - 0x00007ff86acf0000 	C:\Windows\System32\fwpuclnt.dll

dbghelp: loaded successfully - version: 4.0.5 - missing functions: none
symbol engine: initialized successfully - sym options: 0x614 - pdb path: .;C:\Program Files\Microsoft\jdk-17.0.8.7-hotspot\bin;C:\Windows\SYSTEM32;C:\Windows\WinSxS\amd64_microsoft.windows.common-controls_6595b64144ccf1df_6.0.19041.4355_none_60b8b9eb71f62e16;C:\Program Files\Microsoft\jdk-17.0.8.7-hotspot\bin\server;C:\Users\ISL\.gradle\native\c067742578af261105cb4f569cf0c3c89f3d7b1fecec35dd04571415982c5e48\windows-amd64;C:\Users\ISL\.gradle\native\100fb08df4bc3b14c8652ba06237920a3bd2aa13389f12d3474272988ae205f9\windows-amd64

VM Arguments:
jvm_args: -XX:MaxMetaspaceSize=512m --add-opens=java.base/java.util=ALL-UNNAMED --add-opens=java.base/java.lang=ALL-UNNAMED --add-opens=java.base/java.lang.invoke=ALL-UNNAMED --add-opens=java.prefs/java.util.prefs=ALL-UNNAMED --add-exports=jdk.compiler/com.sun.tools.javac.api=ALL-UNNAMED --add-exports=jdk.compiler/com.sun.tools.javac.util=ALL-UNNAMED --add-opens=java.base/java.nio.charset=ALL-UNNAMED --add-opens=java.base/java.net=ALL-UNNAMED --add-opens=java.base/java.util.concurrent.atomic=ALL-UNNAMED -Xmx2048m -Dfile.encoding=windows-1252 -Duser.country=US -Duser.language=en -Duser.variant -javaagent:C:\Users\ISL\.gradle\wrapper\dists\gradle-8.10.2-all\7iv73wktx1xtkvlq19urqw1wm\gradle-8.10.2\lib\agents\gradle-instrumentation-agent-8.10.2.jar 
java_command: org.gradle.launcher.daemon.bootstrap.GradleDaemon 8.10.2
java_class_path (initial): C:\Users\ISL\.gradle\wrapper\dists\gradle-8.10.2-all\7iv73wktx1xtkvlq19urqw1wm\gradle-8.10.2\lib\gradle-daemon-main-8.10.2.jar
Launcher Type: SUN_STANDARD

[Global flags]
     intx CICompilerCount                          = 4                                         {product} {ergonomic}
   size_t CompressedClassSpaceSize                 = 436207616                                 {product} {ergonomic}
     uint ConcGCThreads                            = 2                                         {product} {ergonomic}
     uint G1ConcRefinementThreads                  = 8                                         {product} {ergonomic}
   size_t G1HeapRegionSize                         = 1048576                                   {product} {ergonomic}
    uintx GCDrainStackTargetSize                   = 64                                        {product} {ergonomic}
   size_t InitialHeapSize                          = 266338304                                 {product} {ergonomic}
   size_t MarkStackSize                            = 4194304                                   {product} {ergonomic}
   size_t MaxHeapSize                              = 2147483648                                {product} {command line}
   size_t MaxMetaspaceSize                         = 536870912                                 {product} {command line}
   size_t MaxNewSize                               = 1287651328                                {product} {ergonomic}
   size_t MinHeapDeltaBytes                        = 1048576                                   {product} {ergonomic}
   size_t MinHeapSize                              = 8388608                                   {product} {ergonomic}
    uintx NonNMethodCodeHeapSize                   = 5839372                                {pd product} {ergonomic}
    uintx NonProfiledCodeHeapSize                  = 122909434                              {pd product} {ergonomic}
    uintx ProfiledCodeHeapSize                     = 122909434                              {pd product} {ergonomic}
    uintx ReservedCodeCacheSize                    = 251658240                              {pd product} {ergonomic}
     bool SegmentedCodeCache                       = true                                      {product} {ergonomic}
   size_t SoftMaxHeapSize                          = 2147483648                             {manageable} {ergonomic}
     bool UseCompressedClassPointers               = true                           {product lp64_product} {ergonomic}
     bool UseCompressedOops                        = true                           {product lp64_product} {ergonomic}
     bool UseG1GC                                  = true                                      {product} {ergonomic}
     bool UseLargePagesIndividualAllocation        = false                                  {pd product} {ergonomic}

Logging:
Log output configuration:
 #0: stdout all=warning uptime,level,tags
 #1: stderr all=off uptime,level,tags

Environment Variables:
JAVA_HOME=C:\Program Files\Microsoft\jdk-17.0.8.7-hotspot\
CLASSPATH=D:\RoamDigi\android\\gradle\wrapper\gradle-wrapper.jar
PATH=D:\RoamDigi\node_modules\.bin;D:\RoamDigi\node_modules\.bin;D:\node_modules\.bin;C:\Users\ISL\AppData\Roaming\nvm\v19.0.0\node_modules\npm\node_modules\@npmcli\run-script\lib\node-gyp-bin;D:\RoamDigi\node_modules\.bin;D:\node_modules\.bin;C:\Users\ISL\AppData\Roaming\nvm\v19.0.0\node_modules\npm\node_modules\@npmcli\run-script\lib\node-gyp-bin;C:\Program Files\Microsoft\jdk-17.0.8.7-hotspot\bin;C:\Windows\system32;C:\Windows;C:\Windows\System32\Wbem;C:\Windows\System32\WindowsPowerShell\v1.0\;C:\Windows\System32\OpenSSH\;C:\ProgramData\chocolatey\bin;C:\Users\ISL\AppData\Local\Android\Sdk\platform-tools;C:\Program Files\Git\cmd;C:\xampp\php;C:\ProgramData\ComposerSetup\bin;C:\xampp\mysql\bin;C:\Users\ISL\AppData\Roaming\nvm;C:\Program Files\nodejs;C:\Users\ISL\AppData\Local\Android\Sdk\tools;C:\Users\ISL\AppData\Local\Programs\Python\Python310\Scripts\;C:\Users\ISL\AppData\Local\Programs\Python\Python310\;C:\Users\ISL\AppData\Local\Microsoft\WindowsApps;C:\Users\ISL\AppData\Local\Programs\Microsoft VS Code\bin;C:\Users\ISL\AppData\Roaming\Composer\vendor\bin;C:\Users\ISL\AppData\Local\GitHubDesktop\bin;C:\Users\ISL\AppData\Roaming\nvm;C:\Program Files\nodejs
USERNAME=ISL
OS=Windows_NT
PROCESSOR_IDENTIFIER=Intel64 Family 6 Model 142 Stepping 10, GenuineIntel
TMP=C:\Users\ISL\AppData\Local\Temp
TEMP=C:\Users\ISL\AppData\Local\Temp



---------------  S Y S T E M  ---------------

OS:
 Windows 10 , 64 bit Build 19041 (10.0.19041.5198)
OS uptime: 0 days 0:05 hours
Hyper-V role detected

CPU: total 8 (initial active 8) (4 cores per cpu, 2 threads per core) family 6 model 142 stepping 10 microcode 0xf6, cx8, cmov, fxsr, ht, mmx, 3dnowpref, sse, sse2, sse3, ssse3, sse4.1, sse4.2, popcnt, lzcnt, tsc, tscinvbit, avx, avx2, aes, erms, clmul, bmi1, bmi2, rtm, adx, fma, vzeroupper, clflush, clflushopt, hv
Processor Information for all 8 processors :
  Max Mhz: 1896, Current Mhz: 1696, Mhz Limit: 1687

Memory: 4k page, system-wide physical 16227M (5458M free)
TotalPageFile size 19811M (AvailPageFile size 9592M)
current process WorkingSet (physical memory assigned to process): 433M, peak: 443M
current process commit charge ("private bytes"): 480M, peak: 491M

vm_info: OpenJDK 64-Bit Server VM (17.0.8+7-LTS) for windows-amd64 JRE (17.0.8+7-LTS), built on Jul  7 2023 17:21:55 by "MicrosoftCorporation" with MS VC++ 16.10 / 16.11 (VS2019)

END.
